TN:
SF:/Users/evgeny/Projects/emanageIAM/app/_shared/actions.js
FN:12,requestListSucceeded
FN:24,requestListFailed
FN:32,showLoading
FNF:3
FNH:0
FNDA:0,requestListSucceeded
FNDA:0,requestListFailed
FNDA:0,showLoading
DA:0,1
DA:7,1
DA:14,0
DA:21,1
DA:22,0
DA:29,1
DA:30,0
LF:7
LH:4
BRF:0
BRH:0
end_of_record
TN:
SF:/Users/evgeny/Projects/emanageIAM/app/_shared/constants.js
FNF:0
FNH:0
DA:0,1
DA:1,1
DA:3,1
DA:4,1
DA:6,1
DA:7,1
DA:8,1
DA:9,1
DA:10,1
DA:11,1
DA:12,1
DA:13,1
DA:15,1
DA:17,1
LF:14
LH:14
BRF:0
BRH:0
end_of_record
TN:
SF:/Users/evgeny/Projects/emanageIAM/app/_shared/config/environment.js
FNF:0
FNH:0
DA:0,1
DA:1,1
LF:2
LH:2
BRF:0
BRH:0
end_of_record
TN:
SF:/Users/evgeny/Projects/emanageIAM/app/_shared/config/token-interceptor.js
FN:7,(anonymous_1)
FN:17,_interopRequireDefault
FN:19,TokenInterceptor
FN:21,request
FN:47,response
FNF:5
FNH:2
FNDA:0,(anonymous_1)
FNDA:1,_interopRequireDefault
FNDA:0,TokenInterceptor
FNDA:0,request
FNDA:0,response
DA:0,1
DA:1,1
DA:2,1
DA:7,1
DA:8,0
DA:12,0
DA:13,0
DA:14,0
DA:15,0
DA:16,0
DA:21,0
DA:28,0
DA:29,0
DA:30,0
DA:33,0
DA:38,0
DA:39,0
DA:40,0
DA:41,0
DA:42,0
DA:45,0
DA:47,0
DA:49,0
LF:23
LH:4
BRDA:7,1,0,1
BRDA:7,1,1,0
BRDA:7,2,0,0
BRDA:7,2,1,0
BRDA:17,3,0,0
BRDA:17,3,1,1
BRDA:17,4,0,1
BRDA:17,4,1,1
BRDA:25,5,0,0
BRDA:25,5,1,0
BRDA:26,6,0,0
BRDA:26,6,1,0
BRDA:26,7,0,0
BRDA:26,7,1,0
BRDA:27,8,0,0
BRDA:27,8,1,0
BRDA:39,9,0,0
BRDA:39,9,1,0
BRDA:41,10,0,0
BRDA:41,10,1,0
BRDA:49,11,0,0
BRDA:49,11,1,0
BRDA:49,12,0,0
BRDA:49,12,1,0
BRF:24
BRH:8
end_of_record
TN:
SF:/Users/evgeny/Projects/emanageIAM/app/_shared/services/cookie-provider.js
FN:9,createCookie
FN:19,getCookie
FN:31,eraseCookie
FNF:3
FNH:0
FNDA:0,createCookie
FNDA:0,getCookie
FNDA:0,eraseCookie
DA:0,1
DA:2,1
DA:3,0
DA:4,0
DA:5,0
DA:6,0
DA:7,0
DA:9,0
DA:12,1
DA:13,0
DA:14,0
DA:15,0
DA:16,0
DA:17,0
DA:18,0
DA:20,0
DA:23,1
DA:24,0
LF:18
LH:4
BRDA:11,1,0,0
BRDA:11,1,1,0
BRDA:26,2,0,0
BRDA:26,2,1,0
BRF:4
BRH:0
end_of_record
TN:
SF:/Users/evgeny/Projects/emanageIAM/app/_shared/initialState.js
FNF:0
FNH:0
DA:0,1
LF:1
LH:1
BRF:0
BRH:0
end_of_record
TN:
SF:/Users/evgeny/Projects/emanageIAM/app/_shared/services/statusDeterminator.js
FN:8,getWithStatuses
FN:11,(anonymous_2)
FN:13,(anonymous_3)
FN:32,(anonymous_4)
FN:34,(anonymous_5)
FNF:5
FNH:0
FNDA:0,getWithStatuses
FNDA:0,(anonymous_2)
FNDA:0,(anonymous_3)
FNDA:0,(anonymous_4)
FNDA:0,(anonymous_5)
DA:0,1
DA:2,1
DA:3,0
DA:4,0
DA:5,0
DA:7,0
DA:9,0
DA:10,0
DA:13,0
DA:14,0
DA:16,0
DA:19,0
DA:23,0
DA:24,0
DA:26,0
DA:28,0
DA:29,0
DA:30,0
DA:32,0
DA:33,0
DA:36,0
DA:41,0
LF:22
LH:2
BRDA:10,1,0,0
BRDA:10,1,1,0
BRDA:10,2,0,0
BRDA:10,2,1,0
BRDA:17,3,0,0
BRDA:17,3,1,0
BRDA:21,4,0,0
BRDA:21,4,1,0
BRDA:31,5,0,0
BRDA:31,5,1,0
BRDA:31,6,0,0
BRDA:31,6,1,0
BRDA:38,7,0,0
BRDA:38,7,1,0
BRDA:39,8,0,0
BRDA:39,8,1,0
BRF:16
BRH:0
end_of_record
TN:
SF:/Users/evgeny/Projects/emanageIAM/app/_shared/services/validator.js
FN:11,validateEmail
FN:15,validateUrl
FNF:2
FNH:0
FNDA:0,validateEmail
FNDA:0,validateUrl
DA:0,1
DA:1,1
DA:3,1
DA:4,0
DA:7,1
DA:8,0
LF:6
LH:4
BRF:0
BRH:0
end_of_record
TN:
SF:/Users/evgeny/Projects/emanageIAM/app/components/A/index.js
FN:15,_interopRequireDefault
FN:23,A
FN:29,onClick
FNF:3
FNH:1
FNDA:2,_interopRequireDefault
FNDA:0,A
FNDA:0,onClick
DA:0,2
DA:7,1
DA:8,1
DA:10,1
DA:11,0
DA:12,0
DA:18,1
LF:7
LH:5
BRDA:15,1,0,0
BRDA:15,1,1,2
BRDA:15,2,0,2
BRDA:15,2,1,2
BRF:4
BRH:4
end_of_record
TN:
SF:/Users/evgeny/Projects/emanageIAM/app/components/ApplicationDetailsPage/index.js
FN:35,_interopRequireDefault
FN:37,ApplicationDetailsPage
FNF:2
FNH:1
FNDA:7,_interopRequireDefault
FNDA:0,ApplicationDetailsPage
DA:0,7
DA:7,1
DA:8,1
DA:9,1
DA:10,1
DA:11,1
DA:12,1
DA:14,1
DA:16,0
DA:18,0
DA:19,0
DA:21,0
LF:12
LH:8
BRDA:35,1,0,5
BRDA:35,1,1,2
BRDA:35,2,0,7
BRDA:35,2,1,7
BRDA:57,3,0,0
BRDA:57,3,1,0
BRDA:59,4,0,0
BRDA:59,4,1,0
BRDA:61,5,0,0
BRDA:61,5,1,0
BRF:10
BRH:4
end_of_record
TN:
SF:/Users/evgeny/Projects/emanageIAM/app/components/PageHeader/index.js
FN:23,_interopRequireDefault
FN:31,PageHeader
FN:36,(anonymous_3)
FNF:3
FNH:1
FNDA:4,_interopRequireDefault
FNDA:0,PageHeader
FNDA:0,(anonymous_3)
DA:0,4
DA:7,1
DA:8,1
DA:9,1
DA:11,1
DA:13,1
DA:14,0
DA:15,0
DA:16,0
DA:22,0
DA:30,0
DA:44,1
LF:12
LH:7
BRDA:23,1,0,1
BRDA:23,1,1,3
BRDA:23,2,0,4
BRDA:23,2,1,4
BRDA:37,3,0,0
BRDA:37,3,1,0
BRDA:67,4,0,0
BRDA:67,4,1,0
BRF:8
BRH:4
end_of_record
TN:
SF:/Users/evgeny/Projects/emanageIAM/app/components/DetailsSection/index.js
FN:25,_interopRequireDefault
FN:27,DetailsSection
FNF:2
FNH:1
FNDA:4,_interopRequireDefault
FNDA:0,DetailsSection
DA:0,4
DA:7,1
DA:8,1
DA:9,1
DA:10,1
DA:12,1
DA:14,0
DA:16,0
DA:18,0
DA:47,1
LF:10
LH:7
BRDA:25,1,0,1
BRDA:25,1,1,3
BRDA:25,2,0,4
BRDA:25,2,1,4
BRDA:36,3,0,0
BRDA:36,3,1,0
BRDA:44,4,0,0
BRDA:44,4,1,0
BRDA:50,5,0,0
BRDA:50,5,1,0
BRDA:60,6,0,0
BRDA:60,6,1,0
BRDA:60,6,2,0
BRDA:77,7,0,0
BRDA:77,7,1,0
BRF:15
BRH:4
end_of_record
TN:
SF:/Users/evgeny/Projects/emanageIAM/app/components/CreatedUpdatedFooter/index.js
FN:15,_interopRequireDefault
FN:23,CreatedUpdatedFooter
FNF:2
FNH:1
FNDA:2,_interopRequireDefault
FNDA:0,CreatedUpdatedFooter
DA:0,2
DA:7,1
DA:10,1
DA:12,1
DA:19,0
LF:5
LH:4
BRDA:15,1,0,0
BRDA:15,1,1,2
BRDA:15,2,0,2
BRDA:15,2,1,2
BRDA:46,3,0,0
BRDA:46,3,1,0
BRDA:58,4,0,0
BRDA:58,4,1,0
BRF:8
BRH:4
end_of_record
TN:
SF:/Users/evgeny/Projects/emanageIAM/app/components/InputText/index.js
FN:15,_interopRequireDefault
FN:23,InputText
FN:39,handleOnChange
FNF:3
FNH:1
FNDA:2,_interopRequireDefault
FNDA:0,InputText
FNDA:0,handleOnChange
DA:0,2
DA:7,1
DA:10,1
DA:12,1
DA:13,0
DA:14,0
DA:16,0
DA:18,1
DA:19,0
DA:22,0
DA:37,1
LF:11
LH:6
BRDA:15,1,0,0
BRDA:15,1,1,2
BRDA:15,2,0,2
BRDA:15,2,1,2
BRDA:34,3,0,0
BRDA:34,3,1,0
BRDA:35,4,0,0
BRDA:35,4,1,0
BRDA:35,5,0,0
BRDA:35,5,1,0
BRDA:37,6,0,0
BRDA:37,6,1,0
BRDA:56,7,0,0
BRDA:56,7,1,0
BRF:14
BRH:4
end_of_record
TN:
SF:/Users/evgeny/Projects/emanageIAM/app/components/Button/index.js
FN:19,_interopRequireDefault
FN:21,Button
FNF:2
FNH:1
FNDA:3,_interopRequireDefault
FNDA:0,Button
DA:0,3
DA:7,1
DA:8,1
DA:10,1
DA:12,0
DA:13,0
DA:14,0
DA:15,0
DA:20,1
LF:9
LH:5
BRDA:19,1,0,0
BRDA:19,1,1,3
BRDA:19,2,0,3
BRDA:19,2,1,3
BRDA:29,3,0,0
BRDA:29,3,1,0
BRDA:30,4,0,0
BRDA:30,4,1,0
BRF:8
BRH:4
end_of_record
TN:
SF:/Users/evgeny/Projects/emanageIAM/app/components/YesNo/index.js
FN:15,_interopRequireDefault
FN:23,YesNo
FNF:2
FNH:1
FNDA:2,_interopRequireDefault
FNDA:0,YesNo
DA:0,2
DA:7,1
DA:10,1
DA:12,1
DA:13,0
DA:14,0
DA:16,0
DA:37,1
LF:8
LH:5
BRDA:15,1,0,0
BRDA:15,1,1,2
BRDA:15,2,0,2
BRDA:15,2,1,2
BRDA:30,3,0,0
BRDA:30,3,1,0
BRF:6
BRH:4
end_of_record
TN:
SF:/Users/evgeny/Projects/emanageIAM/app/components/Button/tests/index.test.js
FN:7,_interopRequireDefault
FN:12,(anonymous_2)
FN:13,(anonymous_3)
FNF:3
FNH:3
FNDA:1,_interopRequireDefault
FNDA:1,(anonymous_2)
FNDA:1,(anonymous_3)
DA:0,1
DA:3,1
DA:8,1
DA:9,1
LF:4
LH:4
BRDA:7,1,0,0
BRDA:7,1,1,1
BRDA:7,2,0,1
BRDA:7,2,1,1
BRF:4
BRH:4
end_of_record
TN:
SF:/Users/evgeny/Projects/emanageIAM/app/components/ConfirmationModal/index.js
FN:21,_interopRequireDefault
FN:29,ConfirmationModal
FNF:2
FNH:1
FNDA:3,_interopRequireDefault
FNDA:0,ConfirmationModal
DA:0,3
DA:7,1
DA:8,1
DA:9,1
DA:11,1
DA:13,1
DA:14,0
LF:7
LH:6
BRDA:21,1,0,1
BRDA:21,1,1,2
BRDA:21,2,0,3
BRDA:21,2,1,3
BRF:4
BRH:4
end_of_record
TN:
SF:/Users/evgeny/Projects/emanageIAM/app/components/ConfirmationModal/tests/index.test.js
FN:7,_interopRequireDefault
FN:12,(anonymous_2)
FN:13,(anonymous_3)
FNF:3
FNH:3
FNDA:1,_interopRequireDefault
FNDA:1,(anonymous_2)
FNDA:1,(anonymous_3)
DA:0,1
DA:3,1
DA:8,1
DA:9,1
LF:4
LH:4
BRDA:7,1,0,0
BRDA:7,1,1,1
BRDA:7,2,0,1
BRDA:7,2,1,1
BRF:4
BRH:4
end_of_record
TN:
SF:/Users/evgeny/Projects/emanageIAM/app/components/CreatedUpdatedFooter/tests/index.test.js
FN:7,_interopRequireDefault
FN:12,(anonymous_2)
FN:13,(anonymous_3)
FNF:3
FNH:3
FNDA:1,_interopRequireDefault
FNDA:1,(anonymous_2)
FNDA:1,(anonymous_3)
DA:0,1
DA:3,1
DA:8,1
DA:9,1
LF:4
LH:4
BRDA:7,1,0,0
BRDA:7,1,1,1
BRDA:7,2,0,1
BRDA:7,2,1,1
BRF:4
BRH:4
end_of_record
TN:
SF:/Users/evgeny/Projects/emanageIAM/app/components/DetailsSection/tests/index.test.js
FN:7,_interopRequireDefault
FN:12,(anonymous_2)
FN:13,(anonymous_3)
FNF:3
FNH:3
FNDA:1,_interopRequireDefault
FNDA:1,(anonymous_2)
FNDA:1,(anonymous_3)
DA:0,1
DA:3,1
DA:8,1
DA:9,1
LF:4
LH:4
BRDA:7,1,0,0
BRDA:7,1,1,1
BRDA:7,2,0,1
BRDA:7,2,1,1
BRF:4
BRH:4
end_of_record
TN:
SF:/Users/evgeny/Projects/emanageIAM/app/components/FileUpload/index.js
FN:15,_interopRequireDefault
FN:23,FileUpload
FN:30,handleFile
FN:36,(anonymous_4)
FN:55,ref
FNF:5
FNH:1
FNDA:2,_interopRequireDefault
FNDA:0,FileUpload
FNDA:0,handleFile
FNDA:0,(anonymous_4)
FNDA:0,ref
DA:0,2
DA:7,1
DA:10,1
DA:12,1
DA:13,0
DA:15,1
DA:16,0
DA:17,0
DA:19,0
DA:21,0
DA:24,0
DA:25,0
DA:27,0
DA:30,0
DA:33,0
LF:15
LH:5
BRDA:15,1,0,0
BRDA:15,1,1,2
BRDA:15,2,0,2
BRDA:15,2,1,2
BRDA:34,3,0,0
BRDA:34,3,1,0
BRF:6
BRH:4
end_of_record
TN:
SF:/Users/evgeny/Projects/emanageIAM/app/components/FileUpload/tests/index.test.js
FN:7,_interopRequireDefault
FN:12,(anonymous_2)
FN:13,(anonymous_3)
FNF:3
FNH:3
FNDA:1,_interopRequireDefault
FNDA:1,(anonymous_2)
FNDA:1,(anonymous_3)
DA:0,1
DA:3,1
DA:8,1
DA:9,1
LF:4
LH:4
BRDA:7,1,0,0
BRDA:7,1,1,1
BRDA:7,2,0,1
BRDA:7,2,1,1
BRF:4
BRH:4
end_of_record
TN:
SF:/Users/evgeny/Projects/emanageIAM/app/components/Grid/index.js
FN:37,_interopRequireDefault
FN:46,Grid
FN:60,linkFormatter
FN:64,isActiveFormatter
FN:65,handleClick
FN:78,buttonFormatter
FN:82,(anonymous_7)
FN:86,onClick
FN:95,onClick
FN:115,(anonymous_10)
FNF:10
FNH:1
FNDA:7,_interopRequireDefault
FNDA:0,Grid
FNDA:0,linkFormatter
FNDA:0,isActiveFormatter
FNDA:0,handleClick
FNDA:0,buttonFormatter
FNDA:0,(anonymous_7)
FNDA:0,onClick
FNDA:0,onClick
FNDA:0,(anonymous_10)
DA:0,7
DA:1,1
DA:2,1
DA:3,1
DA:4,1
DA:5,1
DA:6,1
DA:7,1
DA:9,1
DA:18,1
DA:19,0
DA:21,1
DA:22,0
DA:25,1
DA:26,1
DA:27,0
DA:28,0
DA:29,0
DA:30,0
DA:32,0
DA:35,1
DA:36,0
DA:39,0
DA:40,0
DA:42,0
DA:48,0
DA:49,0
DA:52,0
DA:56,0
DA:57,0
DA:72,0
DA:73,0
DA:88,0
DA:89,0
DA:104,0
DA:126,1
LF:36
LH:15
BRDA:37,1,0,3
BRDA:37,1,1,4
BRDA:37,2,0,7
BRDA:37,2,1,7
BRDA:66,3,0,0
BRDA:66,3,1,0
BRDA:83,4,0,0
BRDA:83,4,1,0
BRDA:105,5,0,0
BRDA:105,5,1,0
BRDA:116,6,0,0
BRDA:116,6,1,0
BRDA:133,7,0,0
BRDA:133,7,1,0
BRDA:150,8,0,0
BRDA:150,8,1,0
BRDA:182,9,0,0
BRDA:182,9,1,0
BRF:18
BRH:4
end_of_record
TN:
SF:/Users/evgeny/Projects/emanageIAM/app/components/YesNoGrid/index.js
FN:15,_interopRequireDefault
FN:23,YesNoGrid
FNF:2
FNH:1
FNDA:2,_interopRequireDefault
FNDA:0,YesNoGrid
DA:0,2
DA:7,1
DA:10,1
DA:12,1
DA:13,0
DA:14,0
DA:16,0
DA:34,1
LF:8
LH:5
BRDA:15,1,0,0
BRDA:15,1,1,2
BRDA:15,2,0,2
BRDA:15,2,1,2
BRDA:28,3,0,0
BRDA:28,3,1,0
BRDA:45,4,0,0
BRDA:45,4,1,0
BRF:8
BRH:4
end_of_record
TN:
SF:/Users/evgeny/Projects/emanageIAM/app/components/GridFooter/index.js
FN:21,_interopRequireDefault
FN:29,GridFooter
FN:44,calculateTotalPages
FN:66,(anonymous_4)
FN:81,(anonymous_5)
FNF:5
FNH:1
FNDA:3,_interopRequireDefault
FNDA:0,GridFooter
FNDA:0,calculateTotalPages
FNDA:0,(anonymous_4)
FNDA:0,(anonymous_5)
DA:0,3
DA:7,1
DA:8,1
DA:9,1
DA:11,1
DA:13,1
DA:15,0
DA:19,0
DA:21,1
DA:22,0
DA:23,0
DA:24,0
DA:25,0
DA:29,0
DA:31,0
DA:32,0
DA:34,0
DA:39,0
DA:48,0
DA:56,1
LF:20
LH:8
BRDA:21,1,0,1
BRDA:21,1,1,2
BRDA:21,2,0,3
BRDA:21,2,1,3
BRF:4
BRH:4
end_of_record
TN:
SF:/Users/evgeny/Projects/emanageIAM/app/components/GridPageButtons/index.js
FN:15,_interopRequireDefault
FN:23,GridPageButtons
FN:35,(anonymous_3)
FNF:3
FNH:1
FNDA:2,_interopRequireDefault
FNDA:0,GridPageButtons
FNDA:0,(anonymous_3)
DA:0,2
DA:7,1
DA:10,1
DA:12,1
DA:13,0
DA:18,0
LF:6
LH:4
BRDA:15,1,0,0
BRDA:15,1,1,2
BRDA:15,2,0,2
BRDA:15,2,1,2
BRF:4
BRH:4
end_of_record
TN:
SF:/Users/evgeny/Projects/emanageIAM/app/components/GridFooter/tests/index.test.js
FN:7,_interopRequireDefault
FN:12,(anonymous_2)
FN:13,(anonymous_3)
FNF:3
FNH:3
FNDA:1,_interopRequireDefault
FNDA:1,(anonymous_2)
FNDA:1,(anonymous_3)
DA:0,1
DA:3,1
DA:8,1
DA:9,1
LF:4
LH:4
BRDA:7,1,0,0
BRDA:7,1,1,1
BRDA:7,2,0,1
BRDA:7,2,1,1
BRF:4
BRH:4
end_of_record
TN:
SF:/Users/evgeny/Projects/emanageIAM/app/components/GridList/index.js
FN:27,_interopRequireDefault
FN:29,GridList
FN:77,splitCamelCase
FN:78,(anonymous_4)
FNF:4
FNH:1
FNDA:5,_interopRequireDefault
FNDA:0,GridList
FNDA:0,splitCamelCase
FNDA:0,(anonymous_4)
DA:0,5
DA:7,1
DA:8,1
DA:9,1
DA:10,1
DA:12,1
DA:14,0
DA:15,0
DA:16,0
DA:20,0
DA:21,0
DA:23,0
DA:24,0
DA:26,0
DA:32,0
DA:33,0
DA:34,0
DA:37,0
DA:38,0
DA:39,0
DA:42,0
DA:46,1
DA:47,0
DA:50,0
DA:52,0
DA:55,0
DA:66,0
DA:85,1
LF:28
LH:8
BRDA:27,1,0,3
BRDA:27,1,1,2
BRDA:27,2,0,5
BRDA:27,2,1,5
BRDA:51,3,0,0
BRDA:51,3,1,0
BRDA:51,4,0,0
BRDA:51,4,1,0
BRDA:63,5,0,0
BRDA:63,5,1,0
BRDA:68,6,0,0
BRDA:68,6,1,0
BRDA:85,7,0,0
BRDA:85,7,1,0
BRDA:106,8,0,0
BRDA:106,8,1,0
BRDA:106,8,2,0
BRDA:111,9,0,0
BRDA:111,9,1,0
BRDA:111,9,2,0
BRDA:117,10,0,0
BRDA:117,10,1,0
BRF:22
BRH:4
end_of_record
TN:
SF:/Users/evgeny/Projects/emanageIAM/app/components/ListControls/index.js
FN:19,_interopRequireDefault
FN:21,ListControls
FN:47,onClick
FNF:3
FNH:1
FNDA:3,_interopRequireDefault
FNDA:0,ListControls
FNDA:0,onClick
DA:0,3
DA:7,1
DA:8,1
DA:9,1
DA:11,0
DA:12,0
DA:24,0
LF:7
LH:4
BRDA:19,1,0,1
BRDA:19,1,1,2
BRDA:19,2,0,3
BRDA:19,2,1,3
BRF:4
BRH:4
end_of_record
TN:
SF:/Users/evgeny/Projects/emanageIAM/app/components/GridList/tests/index.test.js
FN:7,_interopRequireDefault
FN:12,(anonymous_2)
FN:13,(anonymous_3)
FNF:3
FNH:3
FNDA:1,_interopRequireDefault
FNDA:1,(anonymous_2)
FNDA:1,(anonymous_3)
DA:0,1
DA:3,1
DA:8,1
DA:9,1
LF:4
LH:4
BRDA:7,1,0,0
BRDA:7,1,1,1
BRDA:7,2,0,1
BRDA:7,2,1,1
BRF:4
BRH:4
end_of_record
TN:
SF:/Users/evgeny/Projects/emanageIAM/app/components/GridPageButtons/tests/index.test.js
FN:7,_interopRequireDefault
FN:12,(anonymous_2)
FN:13,(anonymous_3)
FNF:3
FNH:3
FNDA:1,_interopRequireDefault
FNDA:1,(anonymous_2)
FNDA:1,(anonymous_3)
DA:0,1
DA:3,1
DA:8,1
DA:9,1
LF:4
LH:4
BRDA:7,1,0,0
BRDA:7,1,1,1
BRDA:7,2,0,1
BRDA:7,2,1,1
BRF:4
BRH:4
end_of_record
TN:
SF:/Users/evgeny/Projects/emanageIAM/app/components/Header/index.js
FN:19,_interopRequireDefault
FN:21,Header
FNF:2
FNH:1
FNDA:3,_interopRequireDefault
FNDA:0,Header
DA:0,3
DA:7,1
DA:8,1
DA:10,1
DA:12,0
DA:13,0
DA:14,0
LF:7
LH:4
BRDA:19,1,0,1
BRDA:19,1,1,2
BRDA:19,2,0,3
BRDA:19,2,1,3
BRDA:52,3,0,0
BRDA:52,3,1,0
BRF:6
BRH:4
end_of_record
TN:
SF:/Users/evgeny/Projects/emanageIAM/app/components/Header/tests/index.test.js
FN:7,_interopRequireDefault
FN:12,(anonymous_2)
FN:13,(anonymous_3)
FNF:3
FNH:3
FNDA:1,_interopRequireDefault
FNDA:1,(anonymous_2)
FNDA:1,(anonymous_3)
DA:0,1
DA:3,1
DA:8,1
DA:9,1
LF:4
LH:4
BRDA:7,1,0,0
BRDA:7,1,1,1
BRDA:7,2,0,1
BRDA:7,2,1,1
BRF:4
BRH:4
end_of_record
TN:
SF:/Users/evgeny/Projects/emanageIAM/app/components/Home/index.js
FN:25,_interopRequireDefault
FN:27,Home
FNF:2
FNH:1
FNDA:4,_interopRequireDefault
FNDA:0,Home
DA:0,4
DA:7,1
DA:9,1
DA:10,1
DA:11,1
DA:13,1
DA:15,0
DA:16,0
LF:8
LH:6
BRDA:25,1,0,2
BRDA:25,1,1,2
BRDA:25,2,0,4
BRDA:25,2,1,4
BRF:4
BRH:4
end_of_record
TN:
SF:/Users/evgeny/Projects/emanageIAM/app/components/Home/messages.js
FNF:0
FNH:0
DA:0,1
DA:6,1
LF:2
LH:2
BRF:0
BRH:0
end_of_record
TN:
SF:/Users/evgeny/Projects/emanageIAM/app/components/Home/tests/index.test.js
FN:7,_interopRequireDefault
FN:12,(anonymous_2)
FN:13,(anonymous_3)
FNF:3
FNH:3
FNDA:1,_interopRequireDefault
FNDA:1,(anonymous_2)
FNDA:1,(anonymous_3)
DA:0,1
DA:3,1
DA:8,1
DA:9,1
LF:4
LH:4
BRDA:7,1,0,0
BRDA:7,1,1,1
BRDA:7,2,0,1
BRDA:7,2,1,1
BRF:4
BRH:4
end_of_record
TN:
SF:/Users/evgeny/Projects/emanageIAM/app/components/InputDate/index.js
FN:23,_interopRequireDefault
FN:31,InputDate
FN:46,handleOnChange
FNF:3
FNH:1
FNDA:4,_interopRequireDefault
FNDA:0,InputDate
FNDA:0,handleOnChange
DA:0,4
DA:7,1
DA:8,1
DA:9,1
DA:11,1
DA:13,1
DA:14,0
DA:15,0
DA:19,1
DA:22,0
DA:29,0
DA:33,0
DA:37,0
LF:13
LH:7
BRDA:23,1,0,0
BRDA:23,1,1,4
BRDA:23,2,0,4
BRDA:23,2,1,4
BRDA:42,3,0,0
BRDA:42,3,1,0
BRDA:42,4,0,0
BRDA:42,4,1,0
BRDA:42,4,2,0
BRDA:60,5,0,0
BRDA:60,5,1,0
BRDA:73,6,0,0
BRDA:73,6,1,0
BRF:13
BRH:4
end_of_record
TN:
SF:/Users/evgeny/Projects/emanageIAM/app/components/InputDate/tests/index.test.js
FN:7,_interopRequireDefault
FN:12,(anonymous_2)
FN:13,(anonymous_3)
FNF:3
FNH:3
FNDA:1,_interopRequireDefault
FNDA:1,(anonymous_2)
FNDA:1,(anonymous_3)
DA:0,1
DA:3,1
DA:8,1
DA:9,1
LF:4
LH:4
BRDA:7,1,0,0
BRDA:7,1,1,1
BRDA:7,2,0,1
BRDA:7,2,1,1
BRF:4
BRH:4
end_of_record
TN:
SF:/Users/evgeny/Projects/emanageIAM/app/components/InputPassword/index.js
FN:19,_interopRequireDefault
FN:21,InputPassword
FNF:2
FNH:1
FNDA:3,_interopRequireDefault
FNDA:0,InputPassword
DA:0,3
DA:7,1
DA:8,1
DA:10,1
DA:12,0
DA:13,0
DA:14,0
DA:16,0
LF:8
LH:4
BRDA:19,1,0,0
BRDA:19,1,1,3
BRDA:19,2,0,3
BRDA:19,2,1,3
BRDA:31,3,0,0
BRDA:31,3,1,0
BRDA:31,4,0,0
BRDA:31,4,1,0
BRF:8
BRH:4
end_of_record
TN:
SF:/Users/evgeny/Projects/emanageIAM/app/components/InputPassword/tests/index.test.js
FN:7,_interopRequireDefault
FN:12,(anonymous_2)
FN:13,(anonymous_3)
FNF:3
FNH:3
FNDA:1,_interopRequireDefault
FNDA:1,(anonymous_2)
FNDA:1,(anonymous_3)
DA:0,1
DA:3,1
DA:8,1
DA:9,1
LF:4
LH:4
BRDA:7,1,0,0
BRDA:7,1,1,1
BRDA:7,2,0,1
BRDA:7,2,1,1
BRF:4
BRH:4
end_of_record
TN:
SF:/Users/evgeny/Projects/emanageIAM/app/components/InputText/tests/index.test.js
FN:7,_interopRequireDefault
FN:12,(anonymous_2)
FN:13,(anonymous_3)
FNF:3
FNH:3
FNDA:1,_interopRequireDefault
FNDA:1,(anonymous_2)
FNDA:1,(anonymous_3)
DA:0,1
DA:3,1
DA:8,1
DA:9,1
LF:4
LH:4
BRDA:7,1,0,0
BRDA:7,1,1,1
BRDA:7,2,0,1
BRDA:7,2,1,1
BRF:4
BRH:4
end_of_record
TN:
SF:/Users/evgeny/Projects/emanageIAM/app/components/Link/index.js
FN:19,_interopRequireDefault
FN:21,Link
FN:28,onClick
FNF:3
FNH:1
FNDA:3,_interopRequireDefault
FNDA:0,Link
FNDA:0,onClick
DA:0,3
DA:7,1
DA:8,1
DA:10,1
DA:12,0
DA:13,0
DA:14,0
DA:15,0
DA:24,1
LF:9
LH:5
BRDA:19,1,0,0
BRDA:19,1,1,3
BRDA:19,2,0,3
BRDA:19,2,1,3
BRDA:25,3,0,0
BRDA:25,3,1,0
BRF:6
BRH:4
end_of_record
TN:
SF:/Users/evgeny/Projects/emanageIAM/app/components/Link/tests/index.test.js
FN:7,_interopRequireDefault
FN:12,(anonymous_2)
FN:13,(anonymous_3)
FNF:3
FNH:3
FNDA:1,_interopRequireDefault
FNDA:1,(anonymous_2)
FNDA:1,(anonymous_3)
DA:0,1
DA:3,1
DA:8,1
DA:9,1
LF:4
LH:4
BRDA:7,1,0,0
BRDA:7,1,1,1
BRDA:7,2,0,1
BRDA:7,2,1,1
BRF:4
BRH:4
end_of_record
TN:
SF:/Users/evgeny/Projects/emanageIAM/app/components/LinkList/index.js
FN:19,_interopRequireDefault
FN:21,LinkList
FN:26,selected
FN:30,(anonymous_4)
FN:35,(anonymous_5)
FNF:5
FNH:1
FNDA:3,_interopRequireDefault
FNDA:0,LinkList
FNDA:0,selected
FNDA:0,(anonymous_4)
FNDA:0,(anonymous_5)
DA:0,3
DA:7,1
DA:8,1
DA:10,1
DA:12,0
DA:13,0
DA:14,0
DA:17,0
DA:18,0
DA:21,0
DA:22,0
DA:23,0
DA:26,0
DA:29,0
DA:38,1
LF:15
LH:5
BRDA:19,1,0,1
BRDA:19,1,1,2
BRDA:19,2,0,3
BRDA:19,2,1,3
BRDA:27,3,0,0
BRDA:27,3,1,0
BRDA:34,4,0,0
BRDA:34,4,1,0
BRDA:34,5,0,0
BRDA:34,5,1,0
BRDA:55,6,0,0
BRDA:55,6,1,0
BRF:12
BRH:4
end_of_record
TN:
SF:/Users/evgeny/Projects/emanageIAM/app/components/LinkList/tests/index.test.js
FN:7,_interopRequireDefault
FN:12,(anonymous_2)
FN:13,(anonymous_3)
FNF:3
FNH:3
FNDA:1,_interopRequireDefault
FNDA:1,(anonymous_2)
FNDA:1,(anonymous_3)
DA:0,1
DA:3,1
DA:8,1
DA:9,1
LF:4
LH:4
BRDA:7,1,0,0
BRDA:7,1,1,1
BRDA:7,2,0,1
BRDA:7,2,1,1
BRF:4
BRH:4
end_of_record
TN:
SF:/Users/evgeny/Projects/emanageIAM/app/components/ListControls/tests/index.test.js
FN:7,_interopRequireDefault
FN:12,(anonymous_2)
FN:13,(anonymous_3)
FNF:3
FNH:3
FNDA:1,_interopRequireDefault
FNDA:1,(anonymous_2)
FNDA:1,(anonymous_3)
DA:0,1
DA:3,1
DA:8,1
DA:9,1
LF:4
LH:4
BRDA:7,1,0,0
BRDA:7,1,1,1
BRDA:7,2,0,1
BRDA:7,2,1,1
BRF:4
BRH:4
end_of_record
TN:
SF:/Users/evgeny/Projects/emanageIAM/app/components/Loading/index.js
FN:15,_interopRequireDefault
FN:23,Loading
FNF:2
FNH:1
FNDA:2,_interopRequireDefault
FNDA:0,Loading
DA:0,2
DA:7,1
DA:9,1
DA:11,1
DA:13,0
DA:16,0
LF:6
LH:4
BRDA:15,1,0,0
BRDA:15,1,1,2
BRDA:15,2,0,2
BRDA:15,2,1,2
BRDA:28,3,0,0
BRDA:28,3,1,0
BRF:6
BRH:4
end_of_record
TN:
SF:/Users/evgeny/Projects/emanageIAM/app/components/Loading/tests/index.test.js
FN:7,_interopRequireDefault
FN:12,(anonymous_2)
FN:13,(anonymous_3)
FNF:3
FNH:3
FNDA:1,_interopRequireDefault
FNDA:1,(anonymous_2)
FNDA:1,(anonymous_3)
DA:0,1
DA:3,1
DA:8,1
DA:9,1
LF:4
LH:4
BRDA:7,1,0,0
BRDA:7,1,1,1
BRDA:7,2,0,1
BRDA:7,2,1,1
BRF:4
BRH:4
end_of_record
TN:
SF:/Users/evgeny/Projects/emanageIAM/app/components/Login/index.js
FN:23,_interopRequireDefault
FN:31,Login
FNF:2
FNH:1
FNDA:4,_interopRequireDefault
FNDA:0,Login
DA:0,4
DA:7,1
DA:8,1
DA:9,1
DA:11,1
DA:13,1
DA:14,0
DA:15,0
DA:18,0
LF:9
LH:6
BRDA:23,1,0,1
BRDA:23,1,1,3
BRDA:23,2,0,4
BRDA:23,2,1,4
BRDA:43,3,0,0
BRDA:43,3,1,0
BRF:6
BRH:4
end_of_record
TN:
SF:/Users/evgeny/Projects/emanageIAM/app/components/LogoImage/index.js
FN:15,_interopRequireDefault
FN:23,LogoImage
FNF:2
FNH:1
FNDA:2,_interopRequireDefault
FNDA:0,LogoImage
DA:0,2
DA:7,1
DA:9,1
DA:11,1
DA:12,0
LF:5
LH:4
BRDA:15,1,0,0
BRDA:15,1,1,2
BRDA:15,2,0,2
BRDA:15,2,1,2
BRF:4
BRH:4
end_of_record
TN:
SF:/Users/evgeny/Projects/emanageIAM/app/components/Login/tests/index.test.js
FN:7,_interopRequireDefault
FN:12,(anonymous_2)
FN:13,(anonymous_3)
FNF:3
FNH:3
FNDA:1,_interopRequireDefault
FNDA:1,(anonymous_2)
FNDA:1,(anonymous_3)
DA:0,1
DA:3,1
DA:8,1
DA:9,1
LF:4
LH:4
BRDA:7,1,0,0
BRDA:7,1,1,1
BRDA:7,2,0,1
BRDA:7,2,1,1
BRF:4
BRH:4
end_of_record
TN:
SF:/Users/evgeny/Projects/emanageIAM/app/components/LogoImage/tests/index.test.js
FN:7,_interopRequireDefault
FN:12,(anonymous_2)
FN:13,(anonymous_3)
FNF:3
FNH:3
FNDA:1,_interopRequireDefault
FNDA:1,(anonymous_2)
FNDA:1,(anonymous_3)
DA:0,1
DA:3,1
DA:8,1
DA:9,1
LF:4
LH:4
BRDA:7,1,0,0
BRDA:7,1,1,1
BRDA:7,2,0,1
BRDA:7,2,1,1
BRF:4
BRH:4
end_of_record
TN:
SF:/Users/evgeny/Projects/emanageIAM/app/components/Navigation/index.js
FN:19,_interopRequireDefault
FN:21,Navigation
FNF:2
FNH:1
FNDA:3,_interopRequireDefault
FNDA:0,Navigation
DA:0,3
DA:7,1
DA:8,1
DA:11,1
DA:13,1
DA:14,0
DA:16,0
DA:23,1
LF:8
LH:6
BRDA:19,1,0,1
BRDA:19,1,1,2
BRDA:19,2,0,3
BRDA:19,2,1,3
BRF:4
BRH:4
end_of_record
TN:
SF:/Users/evgeny/Projects/emanageIAM/app/components/Sidemenu/index.js
FN:27,_interopRequireDefault
FN:29,Sidemenu
FNF:2
FNH:1
FNDA:5,_interopRequireDefault
FNDA:0,Sidemenu
DA:0,5
DA:7,1
DA:8,1
DA:9,1
DA:10,1
DA:12,1
DA:14,0
DA:15,0
DA:16,0
DA:21,0
DA:36,1
LF:11
LH:7
BRDA:27,1,0,2
BRDA:27,1,1,3
BRDA:27,2,0,5
BRDA:27,2,1,5
BRDA:36,3,0,0
BRDA:36,3,1,0
BRDA:37,4,0,0
BRDA:37,4,1,0
BRF:8
BRH:4
end_of_record
TN:
SF:/Users/evgeny/Projects/emanageIAM/app/components/Navigation/tests/index.test.js
FN:7,_interopRequireDefault
FN:12,(anonymous_2)
FN:13,(anonymous_3)
FNF:3
FNH:3
FNDA:1,_interopRequireDefault
FNDA:1,(anonymous_2)
FNDA:1,(anonymous_3)
DA:0,1
DA:3,1
DA:8,1
DA:9,1
LF:4
LH:4
BRDA:7,1,0,0
BRDA:7,1,1,1
BRDA:7,2,0,1
BRDA:7,2,1,1
BRF:4
BRH:4
end_of_record
TN:
SF:/Users/evgeny/Projects/emanageIAM/app/components/PageHeader/tests/index.test.js
FN:7,_interopRequireDefault
FN:12,(anonymous_2)
FN:13,(anonymous_3)
FNF:3
FNH:3
FNDA:1,_interopRequireDefault
FNDA:1,(anonymous_2)
FNDA:1,(anonymous_3)
DA:0,1
DA:3,1
DA:8,1
DA:9,1
LF:4
LH:4
BRDA:7,1,0,0
BRDA:7,1,1,1
BRDA:7,2,0,1
BRDA:7,2,1,1
BRF:4
BRH:4
end_of_record
TN:
SF:/Users/evgeny/Projects/emanageIAM/app/components/ProfilePictureSection/index.js
FN:23,_interopRequireDefault
FN:31,ProfilePictureSection
FNF:2
FNH:1
FNDA:4,_interopRequireDefault
FNDA:0,ProfilePictureSection
DA:0,4
DA:7,1
DA:8,1
DA:9,1
DA:12,1
DA:14,1
DA:18,0
DA:20,0
LF:8
LH:6
BRDA:23,1,0,1
BRDA:23,1,1,3
BRDA:23,2,0,4
BRDA:23,2,1,4
BRDA:41,3,0,0
BRDA:41,3,1,0
BRDA:46,4,0,0
BRDA:46,4,1,0
BRF:8
BRH:4
end_of_record
TN:
SF:/Users/evgeny/Projects/emanageIAM/app/components/ProfilePictureSection/tests/index.test.js
FN:7,_interopRequireDefault
FN:12,(anonymous_2)
FN:13,(anonymous_3)
FNF:3
FNH:3
FNDA:1,_interopRequireDefault
FNDA:1,(anonymous_2)
FNDA:1,(anonymous_3)
DA:0,1
DA:3,1
DA:8,1
DA:9,1
LF:4
LH:4
BRDA:7,1,0,0
BRDA:7,1,1,1
BRDA:7,2,0,1
BRDA:7,2,1,1
BRF:4
BRH:4
end_of_record
TN:
SF:/Users/evgeny/Projects/emanageIAM/app/components/RightMenu/index.js
FN:25,_interopRequireDefault
FN:27,RightMenu
FN:33,smoothlyScroll
FN:38,(anonymous_4)
FN:51,(anonymous_5)
FNF:5
FNH:1
FNDA:4,_interopRequireDefault
FNDA:0,RightMenu
FNDA:0,smoothlyScroll
FNDA:0,(anonymous_4)
FNDA:0,(anonymous_5)
DA:0,4
DA:7,1
DA:8,1
DA:9,1
DA:10,1
DA:12,1
DA:14,0
DA:15,0
DA:16,0
DA:17,0
DA:18,0
DA:20,0
DA:22,0
DA:29,0
DA:30,0
DA:36,0
DA:55,1
LF:17
LH:7
BRDA:25,1,0,2
BRDA:25,1,1,2
BRDA:25,2,0,4
BRDA:25,2,1,4
BRDA:53,3,0,0
BRDA:53,3,1,0
BRDA:77,4,0,0
BRDA:77,4,1,0
BRDA:77,4,2,0
BRDA:80,5,0,0
BRDA:80,5,1,0
BRDA:81,6,0,0
BRDA:81,6,1,0
BRF:13
BRH:4
end_of_record
TN:
SF:/Users/evgeny/Projects/emanageIAM/app/components/RightMenu/tests/index.test.js
FN:7,_interopRequireDefault
FN:12,(anonymous_2)
FN:13,(anonymous_3)
FNF:3
FNH:3
FNDA:1,_interopRequireDefault
FNDA:1,(anonymous_2)
FNDA:1,(anonymous_3)
DA:0,1
DA:3,1
DA:8,1
DA:9,1
LF:4
LH:4
BRDA:7,1,0,0
BRDA:7,1,1,1
BRDA:7,2,0,1
BRDA:7,2,1,1
BRF:4
BRH:4
end_of_record
TN:
SF:/Users/evgeny/Projects/emanageIAM/app/components/SelectAdd/index.js
FN:19,_interopRequireDefault
FN:21,SelectAdd
FN:28,mapOurProps
FNF:3
FNH:1
FNDA:3,_interopRequireDefault
FNDA:0,SelectAdd
FNDA:0,mapOurProps
DA:0,3
DA:7,1
DA:8,1
DA:10,1
DA:12,0
DA:13,1
DA:15,0
DA:24,0
LF:8
LH:5
BRDA:19,1,0,1
BRDA:19,1,1,2
BRDA:19,2,0,3
BRDA:19,2,1,3
BRF:4
BRH:4
end_of_record
TN:
SF:/Users/evgeny/Projects/emanageIAM/app/components/SelectAdd/tests/index.test.js
FN:7,_interopRequireDefault
FN:12,(anonymous_2)
FN:13,(anonymous_3)
FNF:3
FNH:3
FNDA:1,_interopRequireDefault
FNDA:1,(anonymous_2)
FNDA:1,(anonymous_3)
DA:0,1
DA:3,1
DA:8,1
DA:9,1
LF:4
LH:4
BRDA:7,1,0,0
BRDA:7,1,1,1
BRDA:7,2,0,1
BRDA:7,2,1,1
BRF:4
BRH:4
end_of_record
TN:
SF:/Users/evgeny/Projects/emanageIAM/app/components/Sidemenu/tests/index.test.js
FN:7,_interopRequireDefault
FN:12,(anonymous_2)
FN:13,(anonymous_3)
FNF:3
FNH:3
FNDA:1,_interopRequireDefault
FNDA:1,(anonymous_2)
FNDA:1,(anonymous_3)
DA:0,1
DA:3,1
DA:8,1
DA:9,1
LF:4
LH:4
BRDA:7,1,0,0
BRDA:7,1,1,1
BRDA:7,2,0,1
BRDA:7,2,1,1
BRF:4
BRH:4
end_of_record
TN:
SF:/Users/evgeny/Projects/emanageIAM/app/components/TextArea/index.js
FN:15,_interopRequireDefault
FN:23,TextArea
FN:38,handleOnChange
FNF:3
FNH:1
FNDA:2,_interopRequireDefault
FNDA:0,TextArea
FNDA:0,handleOnChange
DA:0,2
DA:7,1
DA:10,1
DA:12,1
DA:13,0
DA:14,0
DA:16,1
DA:17,0
DA:20,0
DA:38,1
LF:10
LH:6
BRDA:15,1,0,0
BRDA:15,1,1,2
BRDA:15,2,0,2
BRDA:15,2,1,2
BRDA:36,3,0,0
BRDA:36,3,1,0
BRDA:36,4,0,0
BRDA:36,4,1,0
BRDA:36,4,2,0
BRDA:55,5,0,0
BRDA:55,5,1,0
BRF:11
BRH:4
end_of_record
TN:
SF:/Users/evgeny/Projects/emanageIAM/app/components/TextArea/tests/index.test.js
FN:7,_interopRequireDefault
FN:12,(anonymous_2)
FN:13,(anonymous_3)
FNF:3
FNH:3
FNDA:1,_interopRequireDefault
FNDA:1,(anonymous_2)
FNDA:1,(anonymous_3)
DA:0,1
DA:3,1
DA:8,1
DA:9,1
LF:4
LH:4
BRDA:7,1,0,0
BRDA:7,1,1,1
BRDA:7,2,0,1
BRDA:7,2,1,1
BRF:4
BRH:4
end_of_record
TN:
SF:/Users/evgeny/Projects/emanageIAM/app/components/Upcoming/index.js
FN:25,_interopRequireDefault
FN:27,Upcoming
FNF:2
FNH:1
FNDA:4,_interopRequireDefault
FNDA:0,Upcoming
DA:0,4
DA:7,1
DA:9,1
DA:10,1
DA:11,1
DA:13,1
DA:15,0
DA:16,0
LF:8
LH:6
BRDA:25,1,0,2
BRDA:25,1,1,2
BRDA:25,2,0,4
BRDA:25,2,1,4
BRF:4
BRH:4
end_of_record
TN:
SF:/Users/evgeny/Projects/emanageIAM/app/components/Upcoming/messages.js
FNF:0
FNH:0
DA:0,1
DA:6,1
LF:2
LH:2
BRF:0
BRH:0
end_of_record
TN:
SF:/Users/evgeny/Projects/emanageIAM/app/components/Upcoming/tests/index.test.js
FN:7,_interopRequireDefault
FN:12,(anonymous_2)
FN:13,(anonymous_3)
FNF:3
FNH:3
FNDA:1,_interopRequireDefault
FNDA:1,(anonymous_2)
FNDA:1,(anonymous_3)
DA:0,1
DA:3,1
DA:8,1
DA:9,1
LF:4
LH:4
BRDA:7,1,0,0
BRDA:7,1,1,1
BRDA:7,2,0,1
BRDA:7,2,1,1
BRF:4
BRH:4
end_of_record
TN:
SF:/Users/evgeny/Projects/emanageIAM/app/components/UserDetailsApplications/index.js
FN:7,(anonymous_1)
FN:33,_interopRequireDefault
FN:35,UserDetailsApplications
FN:50,(anonymous_4)
FN:64,(anonymous_5)
FN:65,(anonymous_6)
FN:67,(anonymous_7)
FN:70,(anonymous_8)
FNF:8
FNH:2
FNDA:0,(anonymous_1)
FNDA:5,_interopRequireDefault
FNDA:0,UserDetailsApplications
FNDA:0,(anonymous_4)
FNDA:0,(anonymous_5)
FNDA:0,(anonymous_6)
FNDA:0,(anonymous_7)
FNDA:0,(anonymous_8)
DA:0,5
DA:7,1
DA:8,1
DA:9,1
DA:10,1
DA:13,1
DA:15,1
DA:17,0
DA:19,0
DA:25,0
DA:26,0
DA:27,0
DA:42,0
DA:43,0
DA:45,0
DA:48,0
DA:55,0
DA:69,1
LF:18
LH:8
BRDA:7,1,0,1
BRDA:7,1,1,0
BRDA:7,2,0,0
BRDA:7,2,1,0
BRDA:33,3,0,3
BRDA:33,3,1,2
BRDA:33,4,0,5
BRDA:33,4,1,5
BRDA:49,5,0,0
BRDA:49,5,1,0
BRDA:49,6,0,0
BRDA:49,6,1,0
BRDA:63,7,0,0
BRDA:63,7,1,0
BRDA:63,8,0,0
BRDA:63,8,1,0
BRF:16
BRH:8
end_of_record
TN:
SF:/Users/evgeny/Projects/emanageIAM/app/components/UserDetailsApplications/tests/index.test.js
FN:7,_interopRequireDefault
FN:12,(anonymous_2)
FN:13,(anonymous_3)
FNF:3
FNH:3
FNDA:1,_interopRequireDefault
FNDA:1,(anonymous_2)
FNDA:1,(anonymous_3)
DA:0,1
DA:3,1
DA:8,1
DA:9,1
LF:4
LH:4
BRDA:7,1,0,0
BRDA:7,1,1,1
BRDA:7,2,0,1
BRDA:7,2,1,1
BRF:4
BRH:4
end_of_record
TN:
SF:/Users/evgeny/Projects/emanageIAM/app/components/UserDetailsGeneral/index.js
FN:37,_interopRequireDefault
FN:45,UserDetailsGeneral
FNF:2
FNH:1
FNDA:7,_interopRequireDefault
FNDA:0,UserDetailsGeneral
DA:0,7
DA:7,1
DA:8,1
DA:9,1
DA:10,1
DA:11,1
DA:12,1
DA:13,1
DA:15,1
DA:17,1
DA:19,0
DA:21,0
DA:63,0
LF:13
LH:10
BRDA:37,1,0,5
BRDA:37,1,1,2
BRDA:37,2,0,7
BRDA:37,2,1,7
BRDA:54,3,0,0
BRDA:54,3,1,0
BRDA:75,4,0,0
BRDA:75,4,1,0
BRDA:83,5,0,0
BRDA:83,5,1,0
BRDA:83,5,2,0
BRF:11
BRH:4
end_of_record
TN:
SF:/Users/evgeny/Projects/emanageIAM/app/components/UserDetailsGeneral/tests/index.test.js
FN:7,_interopRequireDefault
FN:12,(anonymous_2)
FN:13,(anonymous_3)
FNF:3
FNH:3
FNDA:1,_interopRequireDefault
FNDA:1,(anonymous_2)
FNDA:1,(anonymous_3)
DA:0,1
DA:3,1
DA:8,1
DA:9,1
LF:4
LH:4
BRDA:7,1,0,0
BRDA:7,1,1,1
BRDA:7,2,0,1
BRDA:7,2,1,1
BRF:4
BRH:4
end_of_record
TN:
SF:/Users/evgeny/Projects/emanageIAM/app/components/UserDetailsPage/index.js
FN:39,_interopRequireDefault
FN:47,UserDetailsPage
FNF:2
FNH:1
FNDA:8,_interopRequireDefault
FNDA:0,UserDetailsPage
DA:0,8
DA:7,1
DA:8,1
DA:9,1
DA:10,1
DA:11,1
DA:12,1
DA:13,1
DA:15,1
DA:17,1
DA:34,0
DA:35,0
DA:36,0
DA:37,0
DA:58,0
LF:15
LH:10
BRDA:39,1,0,5
BRDA:39,1,1,3
BRDA:39,2,0,8
BRDA:39,2,1,8
BRDA:104,3,0,0
BRDA:104,3,1,0
BRDA:106,4,0,0
BRDA:106,4,1,0
BRDA:108,5,0,0
BRDA:108,5,1,0
BRDA:108,5,2,0
BRF:11
BRH:4
end_of_record
TN:
SF:/Users/evgeny/Projects/emanageIAM/app/components/UserDetailsProfile/index.js
FN:39,_interopRequireDefault
FN:47,UserDetailsProfile
FN:55,boom
FNF:3
FNH:1
FNDA:8,_interopRequireDefault
FNDA:0,UserDetailsProfile
FNDA:0,boom
DA:0,8
DA:7,1
DA:8,1
DA:9,1
DA:10,1
DA:11,1
DA:12,1
DA:13,1
DA:15,1
DA:17,1
DA:19,1
DA:20,0
LF:12
LH:11
BRDA:39,1,0,6
BRDA:39,1,1,2
BRDA:39,2,0,8
BRDA:39,2,1,8
BRF:4
BRH:4
end_of_record
TN:
SF:/Users/evgeny/Projects/emanageIAM/app/components/UserDetailsPage/tests/index.test.js
FN:7,_interopRequireDefault
FN:12,(anonymous_2)
FN:13,(anonymous_3)
FNF:3
FNH:3
FNDA:1,_interopRequireDefault
FNDA:1,(anonymous_2)
FNDA:1,(anonymous_3)
DA:0,1
DA:3,1
DA:8,1
DA:9,1
LF:4
LH:4
BRDA:7,1,0,0
BRDA:7,1,1,1
BRDA:7,2,0,1
BRDA:7,2,1,1
BRF:4
BRH:4
end_of_record
TN:
SF:/Users/evgeny/Projects/emanageIAM/app/components/UserDetailsProfile/tests/index.test.js
FN:7,_interopRequireDefault
FN:12,(anonymous_2)
FN:13,(anonymous_3)
FNF:3
FNH:3
FNDA:1,_interopRequireDefault
FNDA:1,(anonymous_2)
FNDA:1,(anonymous_3)
DA:0,1
DA:3,1
DA:8,1
DA:9,1
LF:4
LH:4
BRDA:7,1,0,0
BRDA:7,1,1,1
BRDA:7,2,0,1
BRDA:7,2,1,1
BRF:4
BRH:4
end_of_record
TN:
SF:/Users/evgeny/Projects/emanageIAM/app/components/YesNo/tests/index.test.js
FN:7,_interopRequireDefault
FN:12,(anonymous_2)
FN:13,(anonymous_3)
FNF:3
FNH:3
FNDA:1,_interopRequireDefault
FNDA:1,(anonymous_2)
FNDA:1,(anonymous_3)
DA:0,1
DA:3,1
DA:8,1
DA:9,1
LF:4
LH:4
BRDA:7,1,0,0
BRDA:7,1,1,1
BRDA:7,2,0,1
BRDA:7,2,1,1
BRF:4
BRH:4
end_of_record
TN:
SF:/Users/evgeny/Projects/emanageIAM/app/components/YesNoGrid/tests/index.test.js
FN:7,_interopRequireDefault
FN:12,(anonymous_2)
FN:13,(anonymous_3)
FNF:3
FNH:3
FNDA:1,_interopRequireDefault
FNDA:1,(anonymous_2)
FNDA:1,(anonymous_3)
DA:0,1
DA:3,1
DA:8,1
DA:9,1
LF:4
LH:4
BRDA:7,1,0,0
BRDA:7,1,1,1
BRDA:7,2,0,1
BRDA:7,2,1,1
BRF:4
BRH:4
end_of_record
TN:
SF:/Users/evgeny/Projects/emanageIAM/app/containers/App/index.js
FN:7,(anonymous_1)
FN:7,defineProperties
FN:7,(anonymous_3)
FN:17,_interopRequireDefault
FN:19,_classCallCheck
FN:21,_possibleConstructorReturn
FN:23,_inherits
FN:36,(anonymous_8)
FN:39,App
FN:47,render
FNF:10
FNH:10
FNDA:1,(anonymous_1)
FNDA:1,defineProperties
FNDA:1,(anonymous_3)
FNDA:2,_interopRequireDefault
FNDA:0,_classCallCheck
FNDA:0,_possibleConstructorReturn
FNDA:1,_inherits
FNDA:1,(anonymous_8)
FNDA:0,App
FNDA:0,render
DA:0,2
DA:14,1
DA:16,1
DA:25,0
LF:4
LH:3
BRDA:7,1,0,1
BRDA:7,1,1,1
BRDA:7,2,0,1
BRDA:7,2,1,0
BRDA:7,3,0,1
BRDA:7,3,1,0
BRDA:7,4,0,0
BRDA:7,4,1,1
BRDA:17,5,0,0
BRDA:17,5,1,2
BRDA:17,6,0,2
BRDA:17,6,1,2
BRDA:19,7,0,0
BRDA:19,7,1,0
BRDA:21,8,0,0
BRDA:21,8,1,0
BRDA:21,9,0,0
BRDA:21,9,1,0
BRDA:21,10,0,0
BRDA:21,10,1,0
BRDA:21,10,2,0
BRDA:23,11,0,0
BRDA:23,11,1,1
BRDA:23,12,0,1
BRDA:23,12,1,0
BRDA:23,13,0,1
BRDA:23,13,1,1
BRDA:23,14,0,1
BRDA:23,14,1,0
BRDA:23,15,0,1
BRDA:23,15,1,0
BRDA:42,16,0,0
BRDA:42,16,1,0
BRF:33
BRH:33
end_of_record
TN:
SF:/Users/evgeny/Projects/emanageIAM/app/containers/App/selectors.js
FN:7,selectLocationState
FN:11,(anonymous_2)
FNF:2
FNH:2
FNDA:1,selectLocationState
FNDA:1,(anonymous_2)
DA:0,1
DA:2,1
DA:3,1
DA:4,1
DA:6,1
DA:7,1
DA:9,1
DA:10,1
DA:11,1
DA:14,1
LF:10
LH:10
BRDA:14,1,0,1
BRDA:14,1,1,0
BRF:2
BRH:1
end_of_record
TN:
SF:/Users/evgeny/Projects/emanageIAM/app/containers/App/tests/selectors.test.js
FN:11,_interopRequireDefault
FN:13,(anonymous_2)
FN:14,(anonymous_3)
FNF:3
FNH:3
FNDA:1,_interopRequireDefault
FNDA:1,(anonymous_2)
FNDA:1,(anonymous_3)
DA:0,1
DA:1,1
DA:2,1
DA:4,1
DA:6,1
DA:7,1
DA:8,1
DA:11,1
DA:14,1
LF:9
LH:9
BRDA:11,1,0,0
BRDA:11,1,1,1
BRDA:11,2,0,1
BRDA:11,2,1,1
BRF:4
BRH:4
end_of_record
TN:
SF:/Users/evgeny/Projects/emanageIAM/app/containers/Applications/ApplicationDetailsContainer/actions.js
FN:15,requestApplication
FN:26,requestApplicationSucceeded
FN:33,requestApplicationFailed
FN:40,saveApplication
FN:47,saveApplicationSucceeded
FN:54,saveApplicationFailed
FNF:6
FNH:0
FNDA:0,requestApplication
FNDA:0,requestApplicationSucceeded
FNDA:0,requestApplicationFailed
FNDA:0,saveApplication
FNDA:0,saveApplicationSucceeded
FNDA:0,saveApplicationFailed
DA:0,1
DA:7,1
DA:18,0
DA:24,1
DA:25,0
DA:31,1
DA:32,0
DA:38,1
DA:39,0
DA:45,1
DA:46,0
DA:52,1
DA:53,0
LF:13
LH:7
BRF:0
BRH:0
end_of_record
TN:
SF:/Users/evgeny/Projects/emanageIAM/app/containers/Applications/ApplicationDetailsContainer/constants.js
FNF:0
FNH:0
DA:0,1
DA:7,1
DA:8,1
DA:9,1
DA:11,1
DA:12,1
DA:13,1
LF:7
LH:7
BRF:0
BRH:0
end_of_record
TN:
SF:/Users/evgeny/Projects/emanageIAM/app/containers/Applications/ApplicationDetailsContainer/index.js
FN:8,(anonymous_1)
FN:8,sliceIterator
FN:8,(anonymous_3)
FN:10,(anonymous_4)
FN:12,(anonymous_5)
FN:12,defineProperties
FN:12,(anonymous_7)
FN:44,_interopRequireWildcard
FN:46,_interopRequireDefault
FN:48,_toConsumableArray
FN:50,_defineProperty
FN:52,_classCallCheck
FN:54,_possibleConstructorReturn
FN:56,_inherits
FN:62,(anonymous_15)
FN:65,ApplicationDetailsContainer
FN:71,(anonymous_17)
FN:112,handleInputChange
FN:126,validate
FN:152,setInputsAreValid
FN:156,(anonymous_21)
FN:171,validateRequiredFields
FN:176,(anonymous_23)
FN:190,componentWillReceiveProps
FN:198,handleSubmit
FN:216,componentWillMount
FN:226,render
FN:247,mapDispatchToProps
FNF:28
FNH:23
FNDA:1,(anonymous_1)
FNDA:0,sliceIterator
FNDA:0,(anonymous_3)
FNDA:0,(anonymous_4)
FNDA:1,(anonymous_5)
FNDA:1,defineProperties
FNDA:1,(anonymous_7)
FNDA:1,_interopRequireWildcard
FNDA:4,_interopRequireDefault
FNDA:0,_toConsumableArray
FNDA:0,_defineProperty
FNDA:0,_classCallCheck
FNDA:0,_possibleConstructorReturn
FNDA:1,_inherits
FNDA:1,(anonymous_15)
FNDA:0,ApplicationDetailsContainer
FNDA:0,(anonymous_17)
FNDA:0,handleInputChange
FNDA:0,validate
FNDA:0,setInputsAreValid
FNDA:0,(anonymous_21)
FNDA:0,validateRequiredFields
FNDA:0,(anonymous_23)
FNDA:0,componentWillReceiveProps
FNDA:0,handleSubmit
FNDA:0,componentWillMount
FNDA:0,render
FNDA:0,mapDispatchToProps
DA:0,8
DA:7,1
DA:8,1
DA:9,1
DA:10,1
DA:11,1
DA:12,1
DA:13,1
DA:14,1
DA:15,1
DA:16,1
DA:23,0
DA:27,0
DA:48,0
DA:49,0
DA:50,0
DA:51,0
DA:52,0
DA:54,0
DA:55,0
DA:56,0
DA:60,0
DA:61,0
DA:62,0
DA:66,0
DA:70,0
DA:71,0
DA:75,0
DA:76,0
DA:78,0
DA:79,0
DA:84,0
DA:85,0
DA:87,0
DA:88,0
DA:91,0
DA:97,0
DA:98,0
DA:99,0
DA:100,0
DA:101,0
DA:107,0
DA:108,0
DA:110,0
DA:111,0
DA:112,0
DA:116,0
DA:120,0
DA:125,0
DA:126,0
DA:134,0
DA:135,0
DA:136,0
DA:138,0
DA:140,0
DA:141,0
DA:143,0
DA:145,0
DA:150,0
DA:151,0
DA:152,0
DA:155,0
DA:159,0
DA:165,0
DA:178,1
DA:180,1
DA:181,0
LF:67
LH:13
BRDA:8,1,0,0
BRDA:8,1,1,0
BRDA:8,2,0,0
BRDA:8,2,1,0
BRDA:8,3,0,0
BRDA:8,3,1,0
BRDA:8,4,0,0
BRDA:8,4,1,0
BRDA:8,5,0,0
BRDA:8,5,1,0
BRDA:8,6,0,0
BRDA:8,6,1,0
BRDA:8,7,0,0
BRDA:8,7,1,0
BRDA:10,8,0,1
BRDA:10,8,1,0
BRDA:10,9,0,0
BRDA:10,9,1,0
BRDA:12,10,0,8
BRDA:12,10,1,8
BRDA:12,11,0,8
BRDA:12,11,1,0
BRDA:12,12,0,1
BRDA:12,12,1,0
BRDA:12,13,0,0
BRDA:12,13,1,1
BRDA:44,14,0,1
BRDA:44,14,1,0
BRDA:44,15,0,1
BRDA:44,15,1,1
BRDA:44,16,0,0
BRDA:44,16,1,0
BRDA:44,17,0,0
BRDA:44,17,1,0
BRDA:46,18,0,2
BRDA:46,18,1,2
BRDA:46,19,0,4
BRDA:46,19,1,4
BRDA:48,20,0,0
BRDA:48,20,1,0
BRDA:50,21,0,0
BRDA:50,21,1,0
BRDA:52,22,0,0
BRDA:52,22,1,0
BRDA:54,23,0,0
BRDA:54,23,1,0
BRDA:54,24,0,0
BRDA:54,24,1,0
BRDA:54,25,0,0
BRDA:54,25,1,0
BRDA:54,25,2,0
BRDA:56,26,0,0
BRDA:56,26,1,1
BRDA:56,27,0,1
BRDA:56,27,1,0
BRDA:56,28,0,1
BRDA:56,28,1,1
BRDA:56,29,0,1
BRDA:56,29,1,0
BRDA:56,30,0,1
BRDA:56,30,1,0
BRDA:69,31,0,0
BRDA:69,31,1,0
BRDA:114,32,0,0
BRDA:114,32,1,0
BRDA:128,33,0,0
BRDA:128,33,1,0
BRDA:128,33,2,0
BRDA:128,33,3,0
BRDA:128,33,4,0
BRDA:128,33,5,0
BRDA:130,34,0,0
BRDA:130,34,1,0
BRDA:136,35,0,0
BRDA:136,35,1,0
BRDA:139,36,0,0
BRDA:139,36,1,0
BRDA:161,37,0,0
BRDA:161,37,1,0
BRDA:177,38,0,0
BRDA:177,38,1,0
BRDA:192,39,0,0
BRDA:192,39,1,0
BRDA:204,40,0,0
BRDA:204,40,1,0
BRDA:206,41,0,0
BRDA:206,41,1,0
BRDA:217,42,0,0
BRDA:217,42,1,0
BRF:89
BRH:61
end_of_record
TN:
SF:/Users/evgeny/Projects/emanageIAM/app/containers/Applications/ApplicationDetailsContainer/selectors.js
FN:13,selectApplicationDetailsContainerDomain
FN:14,(anonymous_2)
FN:22,selectRequestsDomain
FN:23,(anonymous_4)
FN:32,selectApplicationDetailsContainer
FN:33,(anonymous_6)
FNF:6
FNH:3
FNDA:1,selectApplicationDetailsContainerDomain
FNDA:0,(anonymous_2)
FNDA:1,selectRequestsDomain
FNDA:0,(anonymous_4)
FNDA:1,selectApplicationDetailsContainer
FNDA:0,(anonymous_6)
DA:0,1
DA:1,1
DA:6,1
DA:11,1
DA:17,1
DA:20,0
LF:6
LH:5
BRF:0
BRH:0
end_of_record
TN:
SF:/Users/evgeny/Projects/emanageIAM/app/containers/Applications/ApplicationDetailsContainer/reducer.js
FN:19,_interopRequireDefault
FN:27,applicationDetailsContainerReducer
FNF:2
FNH:1
FNDA:2,_interopRequireDefault
FNDA:0,applicationDetailsContainerReducer
DA:0,2
DA:7,1
DA:8,1
DA:9,1
DA:11,1
DA:16,1
DA:17,0
DA:19,0
DA:21,0
LF:9
LH:6
BRDA:19,1,0,1
BRDA:19,1,1,1
BRDA:19,2,0,2
BRDA:19,2,1,2
BRDA:28,3,0,0
BRDA:28,3,1,0
BRDA:28,4,0,0
BRDA:28,4,1,0
BRDA:31,5,0,0
BRDA:31,5,1,0
BRF:10
BRH:4
end_of_record
TN:
SF:/Users/evgeny/Projects/emanageIAM/app/containers/Applications/ApplicationDetailsContainer/sagas/fetchDetailsSaga.js
FN:22,_interopRequireDefault
FN:27,fetchDetailsFromServer
FN:36,(anonymous_3)
FN:41,fetchDetails
FN:43,fetchDetails$
FN:77,fetchDetailsSaga
FN:78,fetchDetailsSaga$
FNF:7
FNH:1
FNDA:1,_interopRequireDefault
FNDA:0,fetchDetailsFromServer
FNDA:0,(anonymous_3)
FNDA:0,fetchDetails
FNDA:0,fetchDetails$
FNDA:0,fetchDetailsSaga
FNDA:0,fetchDetailsSaga$
DA:0,1
DA:1,1
DA:2,1
DA:3,1
DA:4,1
DA:5,1
DA:6,1
DA:8,1
DA:9,0
DA:11,0
DA:12,0
DA:14,0
DA:17,0
DA:18,0
DA:21,1
DA:22,0
DA:24,0
DA:27,0
DA:32,1
LF:19
LH:10
BRDA:22,1,0,0
BRDA:22,1,1,1
BRDA:22,2,0,1
BRDA:22,2,1,1
BRDA:30,3,0,0
BRDA:30,3,1,0
BRDA:45,4,0,0
BRDA:45,4,1,0
BRDA:45,4,2,0
BRDA:45,4,3,0
BRDA:45,4,4,0
BRDA:45,4,5,0
BRDA:80,5,0,0
BRDA:80,5,1,0
BRDA:80,5,2,0
BRF:15
BRH:4
end_of_record
TN:
SF:/Users/evgeny/Projects/emanageIAM/app/containers/Applications/ApplicationDetailsContainer/sagas/index.js
FN:15,_interopRequireDefault
FNF:1
FNH:1
FNDA:2,_interopRequireDefault
DA:0,2
DA:1,1
DA:2,1
LF:3
LH:3
BRDA:15,1,0,2
BRDA:15,1,1,0
BRDA:15,2,0,2
BRDA:15,2,1,2
BRF:4
BRH:4
end_of_record
TN:
SF:/Users/evgeny/Projects/emanageIAM/app/containers/Applications/ApplicationDetailsContainer/sagas/saveDetailsSaga.js
FN:24,_interopRequireDefault
FN:29,saveDetailsFromServer
FN:39,(anonymous_3)
FN:44,saveDetails
FN:46,saveDetails$
FN:117,saveDetailsSaga
FN:118,saveDetailsSaga$
FNF:7
FNH:1
FNDA:1,_interopRequireDefault
FNDA:0,saveDetailsFromServer
FNDA:0,(anonymous_3)
FNDA:0,saveDetails
FNDA:0,saveDetails$
FNDA:0,saveDetailsSaga
FNDA:0,saveDetailsSaga$
DA:0,1
DA:1,1
DA:2,1
DA:3,1
DA:4,1
DA:5,1
DA:6,1
DA:7,1
DA:9,1
DA:10,0
DA:11,0
DA:13,0
DA:20,0
DA:23,1
DA:24,0
DA:25,0
DA:28,0
DA:29,0
DA:30,0
DA:34,0
DA:40,0
DA:43,0
DA:44,0
DA:49,0
DA:50,0
DA:54,1
LF:26
LH:11
BRDA:24,1,0,0
BRDA:24,1,1,1
BRDA:24,2,0,1
BRDA:24,2,1,1
BRDA:30,3,0,0
BRDA:30,3,1,0
BRDA:31,4,0,0
BRDA:31,4,1,0
BRDA:48,5,0,0
BRDA:48,5,1,0
BRDA:48,5,2,0
BRDA:48,5,3,0
BRDA:48,5,4,0
BRDA:48,5,5,0
BRDA:48,5,6,0
BRDA:48,5,7,0
BRDA:48,5,8,0
BRDA:48,5,9,0
BRDA:48,5,10,0
BRDA:48,5,11,0
BRDA:54,6,0,0
BRDA:54,6,1,0
BRDA:66,7,0,0
BRDA:66,7,1,0
BRDA:66,8,0,0
BRDA:66,8,1,0
BRDA:92,9,0,0
BRDA:92,9,1,0
BRDA:106,10,0,0
BRDA:106,10,1,0
BRDA:120,11,0,0
BRDA:120,11,1,0
BRDA:120,11,2,0
BRF:33
BRH:4
end_of_record
TN:
SF:/Users/evgeny/Projects/emanageIAM/app/containers/Applications/ApplicationDetailsContainer/tests/actions.test.js
FN:11,_interopRequireDefault
FN:13,(anonymous_2)
FN:14,(anonymous_3)
FN:15,(anonymous_4)
FNF:4
FNH:4
FNDA:1,_interopRequireDefault
FNDA:1,(anonymous_2)
FNDA:1,(anonymous_3)
FNDA:1,(anonymous_4)
DA:0,1
DA:1,1
DA:2,1
DA:5,1
DA:9,1
DA:10,1
DA:11,1
DA:12,1
DA:15,1
LF:9
LH:9
BRDA:11,1,0,0
BRDA:11,1,1,1
BRDA:11,2,0,1
BRDA:11,2,1,1
BRF:4
BRH:4
end_of_record
TN:
SF:/Users/evgeny/Projects/emanageIAM/app/containers/Applications/ApplicationDetailsContainer/tests/index.test.js
FN:7,_interopRequireDefault
FN:12,(anonymous_2)
FN:13,(anonymous_3)
FNF:3
FNH:3
FNDA:1,_interopRequireDefault
FNDA:1,(anonymous_2)
FNDA:1,(anonymous_3)
DA:0,1
DA:3,1
DA:8,1
DA:9,1
LF:4
LH:4
BRDA:7,1,0,0
BRDA:7,1,1,1
BRDA:7,2,0,1
BRDA:7,2,1,1
BRF:4
BRH:4
end_of_record
TN:
SF:/Users/evgeny/Projects/emanageIAM/app/containers/Applications/ApplicationDetailsContainer/tests/reducer.test.js
FN:13,_interopRequireDefault
FN:15,(anonymous_2)
FN:16,(anonymous_3)
FNF:3
FNH:3
FNDA:2,_interopRequireDefault
FNDA:1,(anonymous_2)
FNDA:1,(anonymous_3)
DA:0,2
DA:1,1
DA:2,1
DA:3,1
DA:5,1
DA:6,1
DA:7,1
LF:7
LH:7
BRDA:13,1,0,1
BRDA:13,1,1,1
BRDA:13,2,0,2
BRDA:13,2,1,2
BRF:4
BRH:4
end_of_record
TN:
SF:/Users/evgeny/Projects/emanageIAM/app/containers/Applications/ApplicationDetailsContainer/tests/sagas.test.js
FN:7,_interopRequireDefault
FN:14,(anonymous_2)
FN:15,(anonymous_3)
FNF:3
FNH:3
FNDA:1,_interopRequireDefault
FNDA:1,(anonymous_2)
FNDA:1,(anonymous_3)
DA:0,1
DA:5,1
DA:12,1
DA:13,1
LF:4
LH:4
BRDA:7,1,0,0
BRDA:7,1,1,1
BRDA:7,2,0,1
BRDA:7,2,1,1
BRF:4
BRH:4
end_of_record
TN:
SF:/Users/evgeny/Projects/emanageIAM/app/containers/Applications/ApplicationDetailsContainer/tests/selectors.test.js
FN:7,_interopRequireDefault
FN:11,(anonymous_2)
FN:12,(anonymous_3)
FNF:3
FNH:3
FNDA:1,_interopRequireDefault
FNDA:1,(anonymous_2)
FNDA:1,(anonymous_3)
DA:0,1
DA:3,1
DA:8,1
DA:9,1
LF:4
LH:4
BRDA:7,1,0,0
BRDA:7,1,1,1
BRDA:7,2,0,1
BRDA:7,2,1,1
BRF:4
BRH:4
end_of_record
TN:
SF:/Users/evgeny/Projects/emanageIAM/app/containers/Applications/ApplicationsListContainer/actions.js
FN:16,requestApplications
FN:27,fetchApplications
FN:34,requestApplicationsSucceeded
FN:42,requestApplicationsFailed
FN:49,deleteApplication
FN:56,deleteApplicationSucceeded
FN:63,deleteApplicationFailed
FNF:7
FNH:0
FNDA:0,requestApplications
FNDA:0,fetchApplications
FNDA:0,requestApplicationsSucceeded
FNDA:0,requestApplicationsFailed
FNDA:0,deleteApplication
FNDA:0,deleteApplicationSucceeded
FNDA:0,deleteApplicationFailed
DA:0,1
DA:7,1
DA:19,0
DA:25,1
DA:26,0
DA:32,1
DA:33,0
DA:40,1
DA:41,0
DA:47,1
DA:48,0
DA:54,1
DA:55,0
DA:61,1
DA:62,0
LF:15
LH:8
BRF:0
BRH:0
end_of_record
TN:
SF:/Users/evgeny/Projects/emanageIAM/app/containers/Applications/ApplicationsListContainer/constants.js
FNF:0
FNH:0
DA:0,1
DA:7,1
DA:8,1
DA:9,1
DA:10,1
DA:12,1
DA:13,1
DA:14,1
LF:8
LH:8
BRF:0
BRH:0
end_of_record
TN:
SF:/Users/evgeny/Projects/emanageIAM/app/containers/Applications/ApplicationsListContainer/index.js
FN:8,(anonymous_1)
FN:10,(anonymous_2)
FN:10,defineProperties
FN:10,(anonymous_4)
FN:42,_interopRequireWildcard
FN:44,_interopRequireDefault
FN:46,_classCallCheck
FN:48,_possibleConstructorReturn
FN:50,_inherits
FN:56,(anonymous_10)
FN:59,ApplicationsListContainer
FN:66,(anonymous_12)
FN:70,(anonymous_13)
FN:73,(anonymous_14)
FN:78,(anonymous_15)
FN:116,componentWillMount
FN:121,componentWillReceiveProps
FN:130,onPageChange
FN:133,(anonymous_19)
FN:139,onPageSizeChange
FN:142,(anonymous_21)
FN:148,onRefresh
FN:153,(anonymous_23)
FN:159,deleteApplication
FN:164,deleteConfirm
FN:169,deleteCancel
FN:174,mapApplications
FN:177,(anonymous_28)
FN:195,render
FN:229,mapDispatchToProps
FNF:30
FNH:20
FNDA:0,(anonymous_1)
FNDA:1,(anonymous_2)
FNDA:1,defineProperties
FNDA:1,(anonymous_4)
FNDA:1,_interopRequireWildcard
FNDA:4,_interopRequireDefault
FNDA:0,_classCallCheck
FNDA:0,_possibleConstructorReturn
FNDA:1,_inherits
FNDA:1,(anonymous_10)
FNDA:0,ApplicationsListContainer
FNDA:0,(anonymous_12)
FNDA:0,(anonymous_13)
FNDA:0,(anonymous_14)
FNDA:0,(anonymous_15)
FNDA:0,componentWillMount
FNDA:0,componentWillReceiveProps
FNDA:0,onPageChange
FNDA:0,(anonymous_19)
FNDA:0,onPageSizeChange
FNDA:0,(anonymous_21)
FNDA:0,onRefresh
FNDA:0,(anonymous_23)
FNDA:0,deleteApplication
FNDA:0,deleteConfirm
FNDA:0,deleteCancel
FNDA:0,mapApplications
FNDA:0,(anonymous_28)
FNDA:0,render
FNDA:0,mapDispatchToProps
DA:0,10
DA:7,1
DA:8,1
DA:9,1
DA:10,1
DA:11,1
DA:12,1
DA:13,1
DA:14,1
DA:15,1
DA:17,1
DA:24,0
DA:27,0
DA:28,0
DA:29,0
DA:30,0
DA:32,0
DA:33,0
DA:34,0
DA:35,0
DA:36,0
DA:37,0
DA:38,0
DA:40,0
DA:53,0
DA:57,0
DA:58,0
DA:59,0
DA:60,0
DA:64,0
DA:65,0
DA:68,0
DA:69,0
DA:72,0
DA:73,0
DA:75,0
DA:76,0
DA:81,0
DA:85,0
DA:89,0
DA:101,0
DA:105,0
DA:107,0
DA:108,0
DA:114,0
DA:115,0
DA:120,0
DA:121,0
DA:122,0
DA:143,0
DA:168,1
DA:170,1
DA:171,0
LF:53
LH:13
BRDA:8,1,0,1
BRDA:8,1,1,0
BRDA:8,2,0,0
BRDA:8,2,1,0
BRDA:10,3,0,10
BRDA:10,3,1,10
BRDA:10,4,0,10
BRDA:10,4,1,0
BRDA:10,5,0,1
BRDA:10,5,1,0
BRDA:10,6,0,0
BRDA:10,6,1,1
BRDA:42,7,0,1
BRDA:42,7,1,0
BRDA:42,8,0,1
BRDA:42,8,1,1
BRDA:42,9,0,0
BRDA:42,9,1,0
BRDA:42,10,0,0
BRDA:42,10,1,0
BRDA:44,11,0,3
BRDA:44,11,1,1
BRDA:44,12,0,4
BRDA:44,12,1,4
BRDA:46,13,0,0
BRDA:46,13,1,0
BRDA:48,14,0,0
BRDA:48,14,1,0
BRDA:48,15,0,0
BRDA:48,15,1,0
BRDA:48,16,0,0
BRDA:48,16,1,0
BRDA:48,16,2,0
BRDA:50,17,0,0
BRDA:50,17,1,1
BRDA:50,18,0,1
BRDA:50,18,1,0
BRDA:50,19,0,1
BRDA:50,19,1,1
BRDA:50,20,0,1
BRDA:50,20,1,0
BRDA:50,21,0,1
BRDA:50,21,1,0
BRDA:62,22,0,0
BRDA:62,22,1,0
BRDA:71,23,0,0
BRDA:71,23,1,0
BRDA:71,24,0,0
BRDA:71,24,1,0
BRDA:71,24,2,0
BRDA:122,25,0,0
BRDA:122,25,1,0
BRDA:122,26,0,0
BRDA:122,26,1,0
BRDA:125,27,0,0
BRDA:125,27,1,0
BRDA:199,28,0,0
BRDA:199,28,1,0
BRF:58
BRH:43
end_of_record
TN:
SF:/Users/evgeny/Projects/emanageIAM/app/containers/Applications/ApplicationsListContainer/selectors.js
FN:13,selectApplicationsListContainerDomain
FN:14,(anonymous_2)
FN:22,selectRequestsDomain
FN:23,(anonymous_4)
FN:32,selectApplicationsListContainer
FN:33,(anonymous_6)
FNF:6
FNH:3
FNDA:1,selectApplicationsListContainerDomain
FNDA:0,(anonymous_2)
FNDA:1,selectRequestsDomain
FNDA:0,(anonymous_4)
FNDA:1,selectApplicationsListContainer
FNDA:0,(anonymous_6)
DA:0,1
DA:1,1
DA:6,1
DA:11,1
DA:17,1
DA:20,0
LF:6
LH:5
BRF:0
BRH:0
end_of_record
TN:
SF:/Users/evgeny/Projects/emanageIAM/app/containers/Applications/ApplicationsListContainer/reducer.js
FN:15,_interopRequireDefault
FN:17,applicationsListContainerReducer
FN:23,(anonymous_3)
FN:27,(anonymous_4)
FN:30,(anonymous_5)
FNF:5
FNH:1
FNDA:1,_interopRequireDefault
FNDA:0,applicationsListContainerReducer
FNDA:0,(anonymous_3)
FNDA:0,(anonymous_4)
FNDA:0,(anonymous_5)
DA:0,1
DA:7,1
DA:8,1
DA:10,1
DA:15,0
DA:16,0
DA:18,0
DA:20,0
DA:22,0
DA:23,0
DA:26,0
LF:11
LH:4
BRDA:15,1,0,1
BRDA:15,1,1,0
BRDA:15,2,0,1
BRDA:15,2,1,1
BRDA:18,3,0,0
BRDA:18,3,1,0
BRDA:18,4,0,0
BRDA:18,4,1,0
BRDA:21,5,0,0
BRDA:21,5,1,0
BRDA:21,5,2,0
BRF:11
BRH:4
end_of_record
TN:
SF:/Users/evgeny/Projects/emanageIAM/app/containers/Applications/ApplicationsListContainer/sagas/deleteSaga.js
FN:22,_interopRequireDefault
FN:27,deleteApplicationFromServer
FN:33,deleteApplication
FN:35,deleteApplication$
FN:71,deleteSaga
FN:72,deleteSaga$
FNF:6
FNH:1
FNDA:1,_interopRequireDefault
FNDA:0,deleteApplicationFromServer
FNDA:0,deleteApplication
FNDA:0,deleteApplication$
FNDA:0,deleteSaga
FNDA:0,deleteSaga$
DA:0,1
DA:1,1
DA:2,1
DA:3,1
DA:4,1
DA:5,1
DA:6,1
DA:8,1
DA:9,0
DA:14,1
DA:15,0
DA:17,0
DA:19,0
DA:22,0
DA:26,1
LF:15
LH:10
BRDA:22,1,0,0
BRDA:22,1,1,1
BRDA:22,2,0,1
BRDA:22,2,1,1
BRDA:37,3,0,0
BRDA:37,3,1,0
BRDA:37,3,2,0
BRDA:37,3,3,0
BRDA:37,3,4,0
BRDA:37,3,5,0
BRDA:37,3,6,0
BRDA:74,4,0,0
BRDA:74,4,1,0
BRDA:74,4,2,0
BRF:14
BRH:4
end_of_record
TN:
SF:/Users/evgeny/Projects/emanageIAM/app/containers/Applications/ApplicationsListContainer/sagas/fetchApplicationsSaga.js
FN:24,_interopRequireDefault
FN:31,fetchApplicationsFromServer
FN:44,(anonymous_3)
FN:49,fetchApplications
FN:51,fetchApplications$
FN:82,fetchApplicationsSaga
FN:83,fetchApplicationsSaga$
FNF:7
FNH:1
FNDA:1,_interopRequireDefault
FNDA:0,fetchApplicationsFromServer
FNDA:0,(anonymous_3)
FNDA:0,fetchApplications
FNDA:0,fetchApplications$
FNDA:0,fetchApplicationsSaga
FNDA:0,fetchApplicationsSaga$
DA:0,1
DA:2,1
DA:3,1
DA:4,1
DA:5,1
DA:6,1
DA:7,1
DA:8,1
DA:11,1
DA:12,0
DA:14,0
DA:15,0
DA:16,0
DA:18,0
DA:21,0
DA:22,0
DA:25,1
DA:27,0
DA:35,1
LF:19
LH:11
BRDA:24,1,0,0
BRDA:24,1,1,1
BRDA:24,2,0,1
BRDA:24,2,1,1
BRDA:34,3,0,0
BRDA:34,3,1,0
BRDA:53,4,0,0
BRDA:53,4,1,0
BRDA:53,4,2,0
BRDA:53,4,3,0
BRDA:53,4,4,0
BRDA:53,4,5,0
BRDA:85,5,0,0
BRDA:85,5,1,0
BRDA:85,5,2,0
BRF:15
BRH:4
end_of_record
TN:
SF:/Users/evgeny/Projects/emanageIAM/app/containers/Applications/ApplicationsListContainer/sagas/index.js
FN:15,_interopRequireDefault
FNF:1
FNH:1
FNDA:2,_interopRequireDefault
DA:0,2
DA:1,1
DA:2,1
LF:3
LH:3
BRDA:15,1,0,2
BRDA:15,1,1,0
BRDA:15,2,0,2
BRDA:15,2,1,2
BRF:4
BRH:4
end_of_record
TN:
SF:/Users/evgeny/Projects/emanageIAM/app/containers/Applications/ApplicationsListContainer/tests/actions.test.js
FN:7,_interopRequireDefault
FN:9,(anonymous_2)
FN:10,(anonymous_3)
FNF:3
FNH:3
FNDA:1,_interopRequireDefault
FNDA:1,(anonymous_2)
FNDA:1,(anonymous_3)
DA:0,1
DA:1,1
DA:3,1
DA:4,1
DA:5,1
LF:5
LH:5
BRDA:7,1,0,0
BRDA:7,1,1,1
BRDA:7,2,0,1
BRDA:7,2,1,1
BRF:4
BRH:4
end_of_record
TN:
SF:/Users/evgeny/Projects/emanageIAM/app/containers/Applications/ApplicationsListContainer/tests/index.test.js
FN:7,_interopRequireDefault
FN:12,(anonymous_2)
FN:13,(anonymous_3)
FNF:3
FNH:3
FNDA:1,_interopRequireDefault
FNDA:1,(anonymous_2)
FNDA:1,(anonymous_3)
DA:0,1
DA:3,1
DA:8,1
DA:9,1
LF:4
LH:4
BRDA:7,1,0,0
BRDA:7,1,1,1
BRDA:7,2,0,1
BRDA:7,2,1,1
BRF:4
BRH:4
end_of_record
TN:
SF:/Users/evgeny/Projects/emanageIAM/app/containers/Applications/ApplicationsListContainer/tests/reducer.test.js
FN:13,_interopRequireDefault
FN:15,(anonymous_2)
FN:16,(anonymous_3)
FNF:3
FNH:3
FNDA:2,_interopRequireDefault
FNDA:1,(anonymous_2)
FNDA:1,(anonymous_3)
DA:0,2
DA:1,1
DA:2,1
DA:3,1
DA:5,1
DA:6,1
DA:7,1
LF:7
LH:7
BRDA:13,1,0,1
BRDA:13,1,1,1
BRDA:13,2,0,2
BRDA:13,2,1,2
BRF:4
BRH:4
end_of_record
TN:
SF:/Users/evgeny/Projects/emanageIAM/app/containers/Applications/ApplicationsListContainer/tests/sagas.test.js
FN:7,_interopRequireDefault
FN:14,(anonymous_2)
FN:15,(anonymous_3)
FNF:3
FNH:3
FNDA:1,_interopRequireDefault
FNDA:1,(anonymous_2)
FNDA:1,(anonymous_3)
DA:0,1
DA:5,1
DA:12,1
DA:13,1
LF:4
LH:4
BRDA:7,1,0,0
BRDA:7,1,1,1
BRDA:7,2,0,1
BRDA:7,2,1,1
BRF:4
BRH:4
end_of_record
TN:
SF:/Users/evgeny/Projects/emanageIAM/app/containers/Applications/ApplicationsListContainer/tests/selectors.test.js
FN:7,_interopRequireDefault
FN:11,(anonymous_2)
FN:12,(anonymous_3)
FNF:3
FNH:3
FNDA:1,_interopRequireDefault
FNDA:1,(anonymous_2)
FNDA:1,(anonymous_3)
DA:0,1
DA:3,1
DA:8,1
DA:9,1
LF:4
LH:4
BRDA:7,1,0,0
BRDA:7,1,1,1
BRDA:7,2,0,1
BRDA:7,2,1,1
BRF:4
BRH:4
end_of_record
TN:
SF:/Users/evgeny/Projects/emanageIAM/app/containers/DashboardContainer/actions.js
FN:10,defaultAction
FNF:1
FNH:0
FNDA:0,defaultAction
DA:0,1
DA:7,1
DA:12,0
LF:3
LH:2
BRF:0
BRH:0
end_of_record
TN:
SF:/Users/evgeny/Projects/emanageIAM/app/containers/DashboardContainer/constants.js
FNF:0
FNH:0
DA:0,1
DA:7,1
LF:2
LH:2
BRF:0
BRH:0
end_of_record
TN:
SF:/Users/evgeny/Projects/emanageIAM/app/containers/DashboardContainer/index.js
FN:8,(anonymous_1)
FN:8,defineProperties
FN:8,(anonymous_3)
FN:28,_interopRequireDefault
FN:30,_classCallCheck
FN:32,_possibleConstructorReturn
FN:34,_inherits
FN:40,(anonymous_8)
FN:43,DashboardContainer
FN:54,(anonymous_10)
FN:62,render
FN:72,mapDispatchToProps
FNF:12
FNH:10
FNDA:1,(anonymous_1)
FNDA:1,defineProperties
FNDA:1,(anonymous_3)
FNDA:4,_interopRequireDefault
FNDA:0,_classCallCheck
FNDA:0,_possibleConstructorReturn
FNDA:1,_inherits
FNDA:1,(anonymous_8)
FNDA:0,DashboardContainer
FNDA:0,(anonymous_10)
FNDA:0,render
FNDA:0,mapDispatchToProps
DA:0,4
DA:7,1
DA:8,1
DA:9,1
DA:10,1
DA:11,1
DA:18,0
DA:24,0
DA:28,1
DA:30,1
DA:31,0
LF:11
LH:8
BRDA:8,1,0,1
BRDA:8,1,1,1
BRDA:8,2,0,1
BRDA:8,2,1,0
BRDA:8,3,0,1
BRDA:8,3,1,0
BRDA:8,4,0,0
BRDA:8,4,1,1
BRDA:28,5,0,2
BRDA:28,5,1,2
BRDA:28,6,0,4
BRDA:28,6,1,4
BRDA:30,7,0,0
BRDA:30,7,1,0
BRDA:32,8,0,0
BRDA:32,8,1,0
BRDA:32,9,0,0
BRDA:32,9,1,0
BRDA:32,10,0,0
BRDA:32,10,1,0
BRDA:32,10,2,0
BRDA:34,11,0,0
BRDA:34,11,1,1
BRDA:34,12,0,1
BRDA:34,12,1,0
BRDA:34,13,0,1
BRDA:34,13,1,1
BRDA:34,14,0,1
BRDA:34,14,1,0
BRDA:34,15,0,1
BRDA:34,15,1,0
BRDA:54,16,0,0
BRDA:54,16,1,0
BRF:33
BRH:33
end_of_record
TN:
SF:/Users/evgeny/Projects/emanageIAM/app/containers/DashboardContainer/selectors.js
FN:13,selectDashboardContainerDomain
FN:14,(anonymous_2)
FN:27,selectDashboardContainer
FN:28,(anonymous_4)
FNF:4
FNH:2
FNDA:1,selectDashboardContainerDomain
FNDA:0,(anonymous_2)
FNDA:1,selectDashboardContainer
FNDA:0,(anonymous_4)
DA:0,1
DA:1,1
DA:6,1
DA:17,1
DA:19,0
LF:5
LH:4
BRF:0
BRH:0
end_of_record
TN:
SF:/Users/evgeny/Projects/emanageIAM/app/containers/DashboardContainer/reducer.js
FN:19,dashboardContainerReducer
FNF:1
FNH:0
FNDA:0,dashboardContainerReducer
DA:0,1
DA:7,1
DA:8,1
DA:12,1
DA:14,1
DA:15,0
DA:17,0
DA:19,0
LF:8
LH:5
BRDA:20,1,0,0
BRDA:20,1,1,0
BRDA:20,2,0,0
BRDA:20,2,1,0
BRDA:23,3,0,0
BRDA:23,3,1,0
BRF:6
BRH:0
end_of_record
TN:
SF:/Users/evgeny/Projects/emanageIAM/app/containers/DashboardContainer/sagas.js
FN:13,defaultSaga
FN:14,defaultSaga$
FNF:2
FNH:0
FNDA:0,defaultSaga
FNDA:0,defaultSaga$
DA:0,1
DA:4,1
LF:2
LH:2
BRDA:16,1,0,0
BRDA:16,1,1,0
BRDA:16,1,2,0
BRF:3
BRH:0
end_of_record
TN:
SF:/Users/evgeny/Projects/emanageIAM/app/containers/HeaderContainer/actions.js
FN:12,requestUser
FN:22,requestUserSucceeded
FN:29,requestUserFailed
FNF:3
FNH:0
FNDA:0,requestUser
FNDA:0,requestUserSucceeded
FNDA:0,requestUserFailed
DA:0,1
DA:7,1
DA:14,0
DA:19,1
DA:20,0
DA:26,1
DA:27,0
LF:7
LH:4
BRF:0
BRH:0
end_of_record
TN:
SF:/Users/evgeny/Projects/emanageIAM/app/containers/HeaderContainer/constants.js
FNF:0
FNH:0
DA:0,1
DA:7,1
DA:8,1
DA:9,1
LF:4
LH:4
BRF:0
BRH:0
end_of_record
TN:
SF:/Users/evgeny/Projects/emanageIAM/app/containers/HeaderContainer/index.js
FN:8,(anonymous_1)
FN:10,(anonymous_2)
FN:10,defineProperties
FN:10,(anonymous_4)
FN:34,_interopRequireWildcard
FN:36,_interopRequireDefault
FN:38,_classCallCheck
FN:40,_possibleConstructorReturn
FN:42,_inherits
FN:50,(anonymous_10)
FN:55,HeaderContainer
FN:71,componentDidMount
FN:76,open
FN:81,close
FN:86,logout
FN:92,render
FN:102,mapDispatchToProps
FNF:17
FNH:15
FNDA:0,(anonymous_1)
FNDA:1,(anonymous_2)
FNDA:1,defineProperties
FNDA:1,(anonymous_4)
FNDA:1,_interopRequireWildcard
FNDA:3,_interopRequireDefault
FNDA:0,_classCallCheck
FNDA:0,_possibleConstructorReturn
FNDA:1,_inherits
FNDA:1,(anonymous_10)
FNDA:0,HeaderContainer
FNDA:0,componentDidMount
FNDA:0,open
FNDA:0,close
FNDA:0,logout
FNDA:0,render
FNDA:0,mapDispatchToProps
DA:0,5
DA:7,1
DA:8,1
DA:9,1
DA:10,1
DA:11,1
DA:12,1
DA:14,1
DA:19,1
DA:21,0
DA:25,0
DA:26,0
DA:34,0
DA:38,0
DA:42,0
DA:43,0
DA:47,0
DA:53,1
DA:55,1
DA:56,0
LF:20
LH:11
BRDA:8,1,0,1
BRDA:8,1,1,0
BRDA:8,2,0,0
BRDA:8,2,1,0
BRDA:10,3,0,5
BRDA:10,3,1,5
BRDA:10,4,0,5
BRDA:10,4,1,0
BRDA:10,5,0,1
BRDA:10,5,1,0
BRDA:10,6,0,0
BRDA:10,6,1,1
BRDA:34,7,0,1
BRDA:34,7,1,0
BRDA:34,8,0,1
BRDA:34,8,1,1
BRDA:34,9,0,0
BRDA:34,9,1,0
BRDA:34,10,0,0
BRDA:34,10,1,0
BRDA:36,11,0,2
BRDA:36,11,1,1
BRDA:36,12,0,3
BRDA:36,12,1,3
BRDA:38,13,0,0
BRDA:38,13,1,0
BRDA:40,14,0,0
BRDA:40,14,1,0
BRDA:40,15,0,0
BRDA:40,15,1,0
BRDA:40,16,0,0
BRDA:40,16,1,0
BRDA:40,16,2,0
BRDA:42,17,0,0
BRDA:42,17,1,1
BRDA:42,18,0,1
BRDA:42,18,1,0
BRDA:42,19,0,1
BRDA:42,19,1,1
BRDA:42,20,0,1
BRDA:42,20,1,0
BRDA:42,21,0,1
BRDA:42,21,1,0
BRDA:58,22,0,0
BRDA:58,22,1,0
BRDA:87,23,0,0
BRDA:87,23,1,0
BRF:47
BRH:43
end_of_record
TN:
SF:/Users/evgeny/Projects/emanageIAM/app/containers/HeaderContainer/selectors.js
FN:13,selectHeaderContainerDomain
FN:14,(anonymous_2)
FN:27,selectHeaderContainer
FN:28,(anonymous_4)
FNF:4
FNH:2
FNDA:1,selectHeaderContainerDomain
FNDA:0,(anonymous_2)
FNDA:1,selectHeaderContainer
FNDA:0,(anonymous_4)
DA:0,1
DA:1,1
DA:6,1
DA:17,1
DA:19,0
LF:5
LH:4
BRF:0
BRH:0
end_of_record
TN:
SF:/Users/evgeny/Projects/emanageIAM/app/containers/HeaderContainer/reducer.js
FN:15,_interopRequireDefault
FN:17,headerContainerReducer
FNF:2
FNH:1
FNDA:1,_interopRequireDefault
FNDA:0,headerContainerReducer
DA:0,1
DA:7,1
DA:8,1
DA:10,1
DA:14,0
DA:15,0
DA:17,0
DA:19,0
LF:8
LH:4
BRDA:15,1,0,1
BRDA:15,1,1,0
BRDA:15,2,0,1
BRDA:15,2,1,1
BRDA:18,3,0,0
BRDA:18,3,1,0
BRDA:18,4,0,0
BRDA:18,4,1,0
BRDA:21,5,0,0
BRDA:21,5,1,0
BRF:10
BRH:4
end_of_record
TN:
SF:/Users/evgeny/Projects/emanageIAM/app/containers/HeaderContainer/sagas/fetchUserSaga.js
FN:22,fetchUserFromServer
FN:23,(anonymous_2)
FN:28,fetchUser
FN:30,fetchUser$
FN:78,fetchUserSaga
FN:79,fetchUserSaga$
FNF:6
FNH:0
FNDA:0,fetchUserFromServer
FNDA:0,(anonymous_2)
FNDA:0,fetchUser
FNDA:0,fetchUser$
FNDA:0,fetchUserSaga
FNDA:0,fetchUserSaga$
DA:0,1
DA:1,1
DA:2,1
DA:3,1
DA:4,1
DA:6,1
DA:9,1
DA:10,0
DA:11,0
DA:14,1
DA:16,0
DA:20,0
DA:24,0
DA:29,1
LF:14
LH:9
BRDA:32,1,0,0
BRDA:32,1,1,0
BRDA:32,1,2,0
BRDA:32,1,3,0
BRDA:32,1,4,0
BRDA:32,1,5,0
BRDA:32,1,6,0
BRDA:32,1,7,0
BRDA:32,1,8,0
BRDA:41,2,0,0
BRDA:41,2,1,0
BRDA:81,3,0,0
BRDA:81,3,1,0
BRDA:81,3,2,0
BRF:14
BRH:0
end_of_record
TN:
SF:/Users/evgeny/Projects/emanageIAM/app/containers/HeaderContainer/sagas/index.js
FN:11,_interopRequireDefault
FNF:1
FNH:1
FNDA:1,_interopRequireDefault
DA:0,1
DA:1,1
LF:2
LH:2
BRDA:11,1,0,1
BRDA:11,1,1,0
BRDA:11,2,0,1
BRDA:11,2,1,1
BRF:4
BRH:4
end_of_record
TN:
SF:/Users/evgeny/Projects/emanageIAM/app/containers/HeaderContainer/tests/actions.test.js
FN:7,_interopRequireDefault
FN:9,(anonymous_2)
FN:10,(anonymous_3)
FNF:3
FNH:3
FNDA:1,_interopRequireDefault
FNDA:1,(anonymous_2)
FNDA:1,(anonymous_3)
DA:0,1
DA:1,1
DA:3,1
DA:4,1
DA:5,1
LF:5
LH:5
BRDA:7,1,0,0
BRDA:7,1,1,1
BRDA:7,2,0,1
BRDA:7,2,1,1
BRF:4
BRH:4
end_of_record
TN:
SF:/Users/evgeny/Projects/emanageIAM/app/containers/HeaderContainer/tests/index.test.js
FN:7,_interopRequireDefault
FN:12,(anonymous_2)
FN:13,(anonymous_3)
FNF:3
FNH:3
FNDA:1,_interopRequireDefault
FNDA:1,(anonymous_2)
FNDA:1,(anonymous_3)
DA:0,1
DA:3,1
DA:8,1
DA:9,1
LF:4
LH:4
BRDA:7,1,0,0
BRDA:7,1,1,1
BRDA:7,2,0,1
BRDA:7,2,1,1
BRF:4
BRH:4
end_of_record
TN:
SF:/Users/evgeny/Projects/emanageIAM/app/containers/HeaderContainer/tests/reducer.test.js
FN:13,_interopRequireDefault
FN:15,(anonymous_2)
FN:16,(anonymous_3)
FNF:3
FNH:3
FNDA:2,_interopRequireDefault
FNDA:1,(anonymous_2)
FNDA:1,(anonymous_3)
DA:0,2
DA:1,1
DA:2,1
DA:3,1
DA:5,1
DA:6,1
DA:7,1
LF:7
LH:7
BRDA:13,1,0,1
BRDA:13,1,1,1
BRDA:13,2,0,2
BRDA:13,2,1,2
BRF:4
BRH:4
end_of_record
TN:
SF:/Users/evgeny/Projects/emanageIAM/app/containers/HeaderContainer/tests/sagas.test.js
FN:7,_interopRequireDefault
FN:14,(anonymous_2)
FN:15,(anonymous_3)
FNF:3
FNH:3
FNDA:1,_interopRequireDefault
FNDA:1,(anonymous_2)
FNDA:1,(anonymous_3)
DA:0,1
DA:5,1
DA:12,1
DA:13,1
LF:4
LH:4
BRDA:7,1,0,0
BRDA:7,1,1,1
BRDA:7,2,0,1
BRDA:7,2,1,1
BRF:4
BRH:4
end_of_record
TN:
SF:/Users/evgeny/Projects/emanageIAM/app/containers/HeaderContainer/tests/selectors.test.js
FN:7,_interopRequireDefault
FN:11,(anonymous_2)
FN:12,(anonymous_3)
FNF:3
FNH:3
FNDA:1,_interopRequireDefault
FNDA:1,(anonymous_2)
FNDA:1,(anonymous_3)
DA:0,1
DA:3,1
DA:8,1
DA:9,1
LF:4
LH:4
BRDA:7,1,0,0
BRDA:7,1,1,1
BRDA:7,2,0,1
BRDA:7,2,1,1
BRF:4
BRH:4
end_of_record
TN:
SF:/Users/evgeny/Projects/emanageIAM/app/containers/LanguageProvider/actions.js
FN:10,changeLocale
FNF:1
FNH:0
FNDA:0,changeLocale
DA:0,1
DA:7,1
DA:12,0
LF:3
LH:2
BRF:0
BRH:0
end_of_record
TN:
SF:/Users/evgeny/Projects/emanageIAM/app/containers/LanguageProvider/constants.js
FNF:0
FNH:0
DA:0,1
DA:7,1
LF:2
LH:2
BRF:0
BRH:0
end_of_record
TN:
SF:/Users/evgeny/Projects/emanageIAM/app/containers/LanguageProvider/index.js
FN:8,(anonymous_1)
FN:8,defineProperties
FN:8,(anonymous_3)
FN:22,_interopRequireDefault
FN:24,_classCallCheck
FN:26,_possibleConstructorReturn
FN:28,_inherits
FN:36,(anonymous_8)
FN:39,LanguageProvider
FN:48,render
FN:66,(anonymous_11)
FN:70,mapDispatchToProps
FNF:12
FNH:10
FNDA:1,(anonymous_1)
FNDA:1,defineProperties
FNDA:1,(anonymous_3)
FNDA:1,_interopRequireDefault
FNDA:0,_classCallCheck
FNDA:0,_possibleConstructorReturn
FNDA:1,_inherits
FNDA:1,(anonymous_8)
FNDA:0,LanguageProvider
FNDA:0,render
FNDA:0,(anonymous_11)
FNDA:0,mapDispatchToProps
DA:0,1
DA:9,1
DA:10,1
DA:11,1
DA:12,1
DA:13,1
DA:17,0
DA:25,1
DA:32,1
DA:34,0
DA:37,1
DA:38,0
LF:12
LH:9
BRDA:8,1,0,1
BRDA:8,1,1,1
BRDA:8,2,0,1
BRDA:8,2,1,0
BRDA:8,3,0,1
BRDA:8,3,1,0
BRDA:8,4,0,0
BRDA:8,4,1,1
BRDA:22,5,0,0
BRDA:22,5,1,1
BRDA:22,6,0,1
BRDA:22,6,1,1
BRDA:24,7,0,0
BRDA:24,7,1,0
BRDA:26,8,0,0
BRDA:26,8,1,0
BRDA:26,9,0,0
BRDA:26,9,1,0
BRDA:26,10,0,0
BRDA:26,10,1,0
BRDA:26,10,2,0
BRDA:28,11,0,0
BRDA:28,11,1,1
BRDA:28,12,0,1
BRDA:28,12,1,0
BRDA:28,13,0,1
BRDA:28,13,1,1
BRDA:28,14,0,1
BRDA:28,14,1,0
BRDA:28,15,0,1
BRDA:28,15,1,0
BRDA:42,16,0,0
BRDA:42,16,1,0
BRF:33
BRH:33
end_of_record
TN:
SF:/Users/evgeny/Projects/emanageIAM/app/containers/LanguageProvider/selectors.js
FN:13,selectLanguage
FN:14,(anonymous_2)
FN:23,selectLocale
FN:24,(anonymous_4)
FNF:4
FNH:2
FNDA:1,selectLanguage
FNDA:0,(anonymous_2)
FNDA:1,selectLocale
FNDA:0,(anonymous_4)
DA:0,1
DA:1,1
DA:6,1
DA:12,1
DA:14,0
LF:5
LH:4
BRF:0
BRH:0
end_of_record
TN:
SF:/Users/evgeny/Projects/emanageIAM/app/containers/LanguageProvider/reducer.js
FN:15,_interopRequireDefault
FN:17,languageProviderReducer
FNF:2
FNH:2
FNDA:1,_interopRequireDefault
FNDA:4,languageProviderReducer
DA:0,1
DA:7,1
DA:8,1
DA:9,1
DA:13,4
DA:14,4
DA:16,0
DA:19,4
LF:8
LH:7
BRDA:15,1,0,1
BRDA:15,1,1,0
BRDA:15,2,0,1
BRDA:15,2,1,1
BRDA:18,3,0,1
BRDA:18,3,1,3
BRDA:18,4,0,4
BRDA:18,4,1,4
BRDA:21,5,0,0
BRDA:21,5,1,4
BRF:10
BRH:9
end_of_record
TN:
SF:/Users/evgeny/Projects/emanageIAM/app/containers/LoginContainer/actions.js
FN:17,requestAppInfo
FN:27,requestAppInfoSucceeded
FN:34,requestAppInfoFailed
FN:41,loginRequest
FN:48,loginSuccess
FN:56,loginFailure
FN:63,requestUserImage
FN:70,userImageSuccess
FNF:8
FNH:0
FNDA:0,requestAppInfo
FNDA:0,requestAppInfoSucceeded
FNDA:0,requestAppInfoFailed
FNDA:0,loginRequest
FNDA:0,loginSuccess
FNDA:0,loginFailure
FNDA:0,requestUserImage
FNDA:0,userImageSuccess
DA:0,1
DA:7,1
DA:21,0
DA:26,1
DA:27,0
DA:33,1
DA:34,0
DA:40,1
DA:41,0
DA:47,1
DA:48,0
DA:55,1
DA:56,0
DA:62,1
DA:63,0
DA:69,1
DA:70,0
LF:17
LH:9
BRF:0
BRH:0
end_of_record
TN:
SF:/Users/evgeny/Projects/emanageIAM/app/containers/LoginContainer/constants.js
FNF:0
FNH:0
DA:0,1
DA:7,1
DA:8,1
DA:9,1
DA:11,1
DA:12,1
DA:13,1
DA:15,1
DA:16,1
LF:9
LH:9
BRF:0
BRH:0
end_of_record
TN:
SF:/Users/evgeny/Projects/emanageIAM/app/containers/LoginContainer/index.js
FN:8,(anonymous_1)
FN:8,defineProperties
FN:8,(anonymous_3)
FN:32,_interopRequireWildcard
FN:34,_interopRequireDefault
FN:36,_defineProperty
FN:38,_classCallCheck
FN:40,_possibleConstructorReturn
FN:42,_inherits
FN:48,(anonymous_10)
FN:51,LoginContainer
FN:70,handleSubmit
FN:76,handleChange
FN:84,componentWillMount
FN:91,componentWillReceiveProps
FN:97,render
FN:107,mapDispatchToProps
FNF:17
FNH:15
FNDA:1,(anonymous_1)
FNDA:1,defineProperties
FNDA:1,(anonymous_3)
FNDA:1,_interopRequireWildcard
FNDA:3,_interopRequireDefault
FNDA:0,_defineProperty
FNDA:0,_classCallCheck
FNDA:0,_possibleConstructorReturn
FNDA:1,_inherits
FNDA:1,(anonymous_10)
FNDA:0,LoginContainer
FNDA:0,handleSubmit
FNDA:0,handleChange
FNDA:0,componentWillMount
FNDA:0,componentWillReceiveProps
FNDA:0,render
FNDA:0,mapDispatchToProps
DA:0,5
DA:7,1
DA:8,1
DA:9,1
DA:10,1
DA:11,1
DA:12,1
DA:14,1
DA:20,0
DA:22,0
DA:26,0
DA:27,0
DA:32,0
DA:33,0
DA:37,0
DA:38,0
DA:39,0
DA:40,0
DA:44,0
DA:45,0
DA:46,0
DA:50,0
DA:51,0
DA:55,0
DA:61,1
DA:63,1
DA:64,0
LF:27
LH:10
BRDA:8,1,0,5
BRDA:8,1,1,5
BRDA:8,2,0,5
BRDA:8,2,1,0
BRDA:8,3,0,1
BRDA:8,3,1,0
BRDA:8,4,0,0
BRDA:8,4,1,1
BRDA:32,5,0,1
BRDA:32,5,1,0
BRDA:32,6,0,1
BRDA:32,6,1,1
BRDA:32,7,0,0
BRDA:32,7,1,0
BRDA:32,8,0,0
BRDA:32,8,1,0
BRDA:34,9,0,2
BRDA:34,9,1,1
BRDA:34,10,0,3
BRDA:34,10,1,3
BRDA:36,11,0,0
BRDA:36,11,1,0
BRDA:38,12,0,0
BRDA:38,12,1,0
BRDA:40,13,0,0
BRDA:40,13,1,0
BRDA:40,14,0,0
BRDA:40,14,1,0
BRDA:40,15,0,0
BRDA:40,15,1,0
BRDA:40,15,2,0
BRDA:42,16,0,0
BRDA:42,16,1,1
BRDA:42,17,0,1
BRDA:42,17,1,0
BRDA:42,18,0,1
BRDA:42,18,1,1
BRDA:42,19,0,1
BRDA:42,19,1,0
BRDA:42,20,0,1
BRDA:42,20,1,0
BRDA:54,21,0,0
BRDA:54,21,1,0
BRDA:59,22,0,0
BRDA:59,22,1,0
BRDA:59,23,0,0
BRDA:59,23,1,0
BRDA:78,24,0,0
BRDA:78,24,1,0
BRDA:86,25,0,0
BRDA:86,25,1,0
BRF:51
BRH:41
end_of_record
TN:
SF:/Users/evgeny/Projects/emanageIAM/app/containers/LoginContainer/selectors.js
FN:13,selectLoginContainerDomain
FN:14,(anonymous_2)
FN:22,selectRequestsDomain
FN:23,(anonymous_4)
FN:32,selectLoginContainer
FN:33,(anonymous_6)
FNF:6
FNH:3
FNDA:1,selectLoginContainerDomain
FNDA:0,(anonymous_2)
FNDA:1,selectRequestsDomain
FNDA:0,(anonymous_4)
FNDA:1,selectLoginContainer
FNDA:0,(anonymous_6)
DA:0,1
DA:1,1
DA:6,1
DA:11,1
DA:17,1
DA:20,0
LF:6
LH:5
BRF:0
BRH:0
end_of_record
TN:
SF:/Users/evgeny/Projects/emanageIAM/app/containers/LoginContainer/reducer.js
FN:17,_interopRequireDefault
FN:25,loginContainerReducer
FN:31,(anonymous_3)
FN:39,(anonymous_4)
FN:45,(anonymous_5)
FN:49,(anonymous_6)
FNF:6
FNH:1
FNDA:1,_interopRequireDefault
FNDA:0,loginContainerReducer
FNDA:0,(anonymous_3)
FNDA:0,(anonymous_4)
FNDA:0,(anonymous_5)
FNDA:0,(anonymous_6)
DA:0,1
DA:7,1
DA:8,1
DA:9,1
DA:11,1
DA:18,1
DA:19,0
DA:21,0
DA:22,0
DA:24,0
DA:25,0
DA:26,0
DA:27,0
DA:28,0
DA:29,0
DA:31,0
DA:32,0
DA:33,0
DA:34,0
DA:36,0
DA:37,0
DA:39,0
LF:22
LH:6
BRDA:17,1,0,1
BRDA:17,1,1,0
BRDA:17,2,0,1
BRDA:17,2,1,1
BRDA:26,3,0,0
BRDA:26,3,1,0
BRDA:26,4,0,0
BRDA:26,4,1,0
BRDA:29,5,0,0
BRDA:29,5,1,0
BRDA:29,5,2,0
BRDA:29,5,3,0
BRDA:29,5,4,0
BRDA:36,6,0,0
BRDA:36,6,1,0
BRDA:38,7,0,0
BRDA:38,7,1,0
BRDA:43,8,0,0
BRDA:43,8,1,0
BRDA:44,9,0,0
BRDA:44,9,1,0
BRF:21
BRH:4
end_of_record
TN:
SF:/Users/evgeny/Projects/emanageIAM/app/containers/LoginContainer/sagas/login-sagas.js
FN:29,fetchAppInfoFromServer
FN:30,(anonymous_2)
FN:35,fetchAppInfo
FN:37,fetchAppInfo$
FN:69,fetchAppInfoSaga
FN:70,fetchAppInfoSaga$
FN:84,loginInfoToServer
FN:88,(anonymous_8)
FN:90,(anonymous_9)
FN:107,(anonymous_10)
FN:113,loginUser
FN:115,loginUser$
FN:157,loginSaga
FN:158,loginSaga$
FN:172,fetchUserImageFromServer
FN:174,(anonymous_16)
FN:179,userImage
FN:181,userImage$
FN:210,fetchUserImageURLSaga
FN:211,fetchUserImageURLSaga$
FNF:20
FNH:0
FNDA:0,fetchAppInfoFromServer
FNDA:0,(anonymous_2)
FNDA:0,fetchAppInfo
FNDA:0,fetchAppInfo$
FNDA:0,fetchAppInfoSaga
FNDA:0,fetchAppInfoSaga$
FNDA:0,loginInfoToServer
FNDA:0,(anonymous_8)
FNDA:0,(anonymous_9)
FNDA:0,(anonymous_10)
FNDA:0,loginUser
FNDA:0,loginUser$
FNDA:0,loginSaga
FNDA:0,loginSaga$
FNDA:0,fetchUserImageFromServer
FNDA:0,(anonymous_16)
FNDA:0,userImage
FNDA:0,userImage$
FNDA:0,fetchUserImageURLSaga
FNDA:0,fetchUserImageURLSaga$
DA:0,1
DA:2,1
DA:3,1
DA:4,1
DA:5,1
DA:7,1
DA:10,1
DA:11,0
DA:12,0
DA:15,1
DA:17,0
DA:25,1
DA:29,1
DA:31,0
DA:33,0
DA:35,0
DA:36,0
DA:39,0
DA:48,0
DA:53,0
DA:57,1
DA:59,0
DA:60,0
DA:69,0
DA:70,0
DA:77,1
DA:81,1
DA:83,0
DA:84,0
DA:87,1
DA:89,0
DA:96,1
LF:32
LH:15
BRDA:39,1,0,0
BRDA:39,1,1,0
BRDA:39,1,2,0
BRDA:39,1,3,0
BRDA:39,1,4,0
BRDA:39,1,5,0
BRDA:72,2,0,0
BRDA:72,2,1,0
BRDA:72,2,2,0
BRDA:86,3,0,0
BRDA:86,3,1,0
BRDA:91,4,0,0
BRDA:91,4,1,0
BRDA:117,5,0,0
BRDA:117,5,1,0
BRDA:117,5,2,0
BRDA:117,5,3,0
BRDA:117,5,4,0
BRDA:117,5,5,0
BRDA:120,6,0,0
BRDA:120,6,1,0
BRDA:160,7,0,0
BRDA:160,7,1,0
BRDA:160,7,2,0
BRDA:183,8,0,0
BRDA:183,8,1,0
BRDA:183,8,2,0
BRDA:183,8,3,0
BRDA:183,8,4,0
BRDA:183,8,5,0
BRDA:213,9,0,0
BRDA:213,9,1,0
BRDA:213,9,2,0
BRF:33
BRH:0
end_of_record
TN:
SF:/Users/evgeny/Projects/emanageIAM/app/containers/LoginContainer/sagas/sagas.js
FNF:0
FNH:0
DA:0,1
DA:2,1
LF:2
LH:2
BRF:0
BRH:0
end_of_record
TN:
SF:/Users/evgeny/Projects/emanageIAM/app/containers/LoginContainer/tests/actions.test.js
FN:11,_interopRequireDefault
FN:13,(anonymous_2)
FN:14,(anonymous_3)
FN:15,(anonymous_4)
FNF:4
FNH:4
FNDA:1,_interopRequireDefault
FNDA:1,(anonymous_2)
FNDA:1,(anonymous_3)
FNDA:1,(anonymous_4)
DA:0,1
DA:1,1
DA:2,1
DA:5,1
DA:9,1
DA:10,1
DA:11,1
DA:12,1
DA:15,1
LF:9
LH:9
BRDA:11,1,0,0
BRDA:11,1,1,1
BRDA:11,2,0,1
BRDA:11,2,1,1
BRF:4
BRH:4
end_of_record
TN:
SF:/Users/evgeny/Projects/emanageIAM/app/containers/LoginContainer/tests/index.test.js
FN:7,_interopRequireDefault
FN:12,(anonymous_2)
FN:13,(anonymous_3)
FNF:3
FNH:3
FNDA:1,_interopRequireDefault
FNDA:1,(anonymous_2)
FNDA:1,(anonymous_3)
DA:0,1
DA:3,1
DA:8,1
DA:9,1
LF:4
LH:4
BRDA:7,1,0,0
BRDA:7,1,1,1
BRDA:7,2,0,1
BRDA:7,2,1,1
BRF:4
BRH:4
end_of_record
TN:
SF:/Users/evgeny/Projects/emanageIAM/app/containers/LoginContainer/tests/reducer.test.js
FN:13,_interopRequireDefault
FN:15,(anonymous_2)
FN:16,(anonymous_3)
FNF:3
FNH:3
FNDA:2,_interopRequireDefault
FNDA:1,(anonymous_2)
FNDA:1,(anonymous_3)
DA:0,2
DA:1,1
DA:2,1
DA:3,1
DA:5,1
DA:6,1
DA:7,1
LF:7
LH:7
BRDA:13,1,0,1
BRDA:13,1,1,1
BRDA:13,2,0,2
BRDA:13,2,1,2
BRF:4
BRH:4
end_of_record
TN:
SF:/Users/evgeny/Projects/emanageIAM/app/containers/LoginContainer/tests/sagas.test.js
FN:7,_interopRequireDefault
FN:14,(anonymous_2)
FN:15,(anonymous_3)
FNF:3
FNH:3
FNDA:1,_interopRequireDefault
FNDA:1,(anonymous_2)
FNDA:1,(anonymous_3)
DA:0,1
DA:5,1
DA:12,1
DA:13,1
LF:4
LH:4
BRDA:7,1,0,0
BRDA:7,1,1,1
BRDA:7,2,0,1
BRDA:7,2,1,1
BRF:4
BRH:4
end_of_record
TN:
SF:/Users/evgeny/Projects/emanageIAM/app/containers/LoginContainer/tests/selectors.test.js
FN:7,_interopRequireDefault
FN:11,(anonymous_2)
FN:12,(anonymous_3)
FNF:3
FNH:3
FNDA:1,_interopRequireDefault
FNDA:1,(anonymous_2)
FNDA:1,(anonymous_3)
DA:0,1
DA:3,1
DA:8,1
DA:9,1
LF:4
LH:4
BRDA:7,1,0,0
BRDA:7,1,1,1
BRDA:7,2,0,1
BRDA:7,2,1,1
BRF:4
BRH:4
end_of_record
TN:
SF:/Users/evgeny/Projects/emanageIAM/app/containers/MainPage/index.js
FN:7,(anonymous_1)
FN:7,defineProperties
FN:7,(anonymous_3)
FN:31,_interopRequireDefault
FN:33,_classCallCheck
FN:35,_possibleConstructorReturn
FN:37,_inherits
FN:48,(anonymous_8)
FN:51,MainPage
FN:59,render
FNF:10
FNH:10
FNDA:1,(anonymous_1)
FNDA:1,defineProperties
FNDA:1,(anonymous_3)
FNDA:5,_interopRequireDefault
FNDA:0,_classCallCheck
FNDA:0,_possibleConstructorReturn
FNDA:1,_inherits
FNDA:1,(anonymous_8)
FNDA:0,MainPage
FNDA:0,render
DA:0,5
DA:12,1
DA:13,1
DA:14,1
DA:15,1
DA:16,1
DA:18,1
DA:27,0
DA:40,1
LF:9
LH:8
BRDA:7,1,0,1
BRDA:7,1,1,1
BRDA:7,2,0,1
BRDA:7,2,1,0
BRDA:7,3,0,1
BRDA:7,3,1,0
BRDA:7,4,0,0
BRDA:7,4,1,1
BRDA:31,5,0,4
BRDA:31,5,1,1
BRDA:31,6,0,5
BRDA:31,6,1,5
BRDA:33,7,0,0
BRDA:33,7,1,0
BRDA:35,8,0,0
BRDA:35,8,1,0
BRDA:35,9,0,0
BRDA:35,9,1,0
BRDA:35,10,0,0
BRDA:35,10,1,0
BRDA:35,10,2,0
BRDA:37,11,0,0
BRDA:37,11,1,1
BRDA:37,12,0,1
BRDA:37,12,1,0
BRDA:37,13,0,1
BRDA:37,13,1,1
BRDA:37,14,0,1
BRDA:37,14,1,0
BRDA:37,15,0,1
BRDA:37,15,1,0
BRDA:54,16,0,0
BRDA:54,16,1,0
BRDA:69,17,0,0
BRDA:69,17,1,0
BRDA:72,18,0,0
BRDA:72,18,1,0
BRF:37
BRH:33
end_of_record
TN:
SF:/Users/evgeny/Projects/emanageIAM/app/containers/NavigationContainer/index.js
FN:8,(anonymous_1)
FN:10,(anonymous_2)
FN:10,defineProperties
FN:10,(anonymous_4)
FN:34,_interopRequireWildcard
FN:36,_interopRequireDefault
FN:38,_classCallCheck
FN:40,_possibleConstructorReturn
FN:42,_inherits
FN:48,(anonymous_10)
FN:51,NavigationContainer
FN:56,(anonymous_12)
FN:60,(anonymous_13)
FN:107,render
FN:122,mapDispatchToProps
FNF:15
FNH:11
FNDA:0,(anonymous_1)
FNDA:1,(anonymous_2)
FNDA:1,defineProperties
FNDA:1,(anonymous_4)
FNDA:1,_interopRequireWildcard
FNDA:3,_interopRequireDefault
FNDA:0,_classCallCheck
FNDA:0,_possibleConstructorReturn
FNDA:1,_inherits
FNDA:1,(anonymous_10)
FNDA:0,NavigationContainer
FNDA:0,(anonymous_12)
FNDA:0,(anonymous_13)
FNDA:0,render
FNDA:0,mapDispatchToProps
DA:0,3
DA:7,1
DA:8,1
DA:9,1
DA:10,1
DA:11,1
DA:12,1
DA:13,1
DA:21,1
DA:24,0
DA:26,0
DA:76,0
DA:80,0
DA:84,0
DA:90,1
DA:92,1
DA:93,0
LF:17
LH:11
BRDA:8,1,0,1
BRDA:8,1,1,0
BRDA:8,2,0,0
BRDA:8,2,1,0
BRDA:10,3,0,1
BRDA:10,3,1,1
BRDA:10,4,0,1
BRDA:10,4,1,0
BRDA:10,5,0,1
BRDA:10,5,1,0
BRDA:10,6,0,0
BRDA:10,6,1,1
BRDA:34,7,0,1
BRDA:34,7,1,0
BRDA:34,8,0,1
BRDA:34,8,1,1
BRDA:34,9,0,0
BRDA:34,9,1,0
BRDA:34,10,0,0
BRDA:34,10,1,0
BRDA:36,11,0,2
BRDA:36,11,1,1
BRDA:36,12,0,3
BRDA:36,12,1,3
BRDA:38,13,0,0
BRDA:38,13,1,0
BRDA:40,14,0,0
BRDA:40,14,1,0
BRDA:40,15,0,0
BRDA:40,15,1,0
BRDA:40,16,0,0
BRDA:40,16,1,0
BRDA:40,16,2,0
BRDA:42,17,0,0
BRDA:42,17,1,1
BRDA:42,18,0,1
BRDA:42,18,1,0
BRDA:42,19,0,1
BRDA:42,19,1,1
BRDA:42,20,0,1
BRDA:42,20,1,0
BRDA:42,21,0,1
BRDA:42,21,1,0
BRDA:54,22,0,0
BRDA:54,22,1,0
BRF:45
BRH:43
end_of_record
TN:
SF:/Users/evgeny/Projects/emanageIAM/app/containers/NavigationContainer/selectors.js
FN:13,selectNavigationContainerDomain
FN:14,(anonymous_2)
FN:22,selectRouterContainerDomain
FN:23,(anonymous_4)
FN:32,selectNavigationContainer
FN:33,(anonymous_6)
FNF:6
FNH:3
FNDA:1,selectNavigationContainerDomain
FNDA:0,(anonymous_2)
FNDA:1,selectRouterContainerDomain
FNDA:0,(anonymous_4)
FNDA:1,selectNavigationContainer
FNDA:0,(anonymous_6)
DA:0,1
DA:1,1
DA:6,1
DA:11,1
DA:17,1
DA:20,0
LF:6
LH:5
BRF:0
BRH:0
end_of_record
TN:
SF:/Users/evgeny/Projects/emanageIAM/app/containers/NavigationContainer/actions.js
FN:10,openSideMenu
FNF:1
FNH:0
FNDA:0,openSideMenu
DA:0,1
DA:7,1
DA:12,0
LF:3
LH:2
BRF:0
BRH:0
end_of_record
TN:
SF:/Users/evgeny/Projects/emanageIAM/app/containers/NavigationContainer/constants.js
FNF:0
FNH:0
DA:0,1
DA:7,1
LF:2
LH:2
BRF:0
BRH:0
end_of_record
TN:
SF:/Users/evgeny/Projects/emanageIAM/app/containers/MainPage/selector.js
FN:13,selectRequestsDomain
FN:14,(anonymous_2)
FN:18,selectSidemenuDomain
FN:19,(anonymous_4)
FN:28,selectHomeContainer
FN:29,(anonymous_6)
FNF:6
FNH:3
FNDA:1,selectRequestsDomain
FNDA:0,(anonymous_2)
FNDA:1,selectSidemenuDomain
FNDA:0,(anonymous_4)
FNDA:1,selectHomeContainer
FNDA:0,(anonymous_6)
DA:0,1
DA:1,1
DA:6,1
DA:7,1
DA:13,1
DA:16,0
LF:6
LH:5
BRF:0
BRH:0
end_of_record
TN:
SF:/Users/evgeny/Projects/emanageIAM/app/containers/MainPage/messages.js
FNF:0
FNH:0
DA:0,1
DA:6,1
LF:2
LH:2
BRF:0
BRH:0
end_of_record
TN:
SF:/Users/evgeny/Projects/emanageIAM/app/containers/NavigationContainer/reducer.js
FN:15,_interopRequireDefault
FN:17,navigationContainerReducer
FNF:2
FNH:1
FNDA:1,_interopRequireDefault
FNDA:0,navigationContainerReducer
DA:0,1
DA:7,1
DA:8,1
DA:9,1
DA:13,0
DA:14,0
DA:16,0
DA:18,0
LF:8
LH:4
BRDA:15,1,0,1
BRDA:15,1,1,0
BRDA:15,2,0,1
BRDA:15,2,1,1
BRDA:18,3,0,0
BRDA:18,3,1,0
BRDA:18,4,0,0
BRDA:18,4,1,0
BRDA:21,5,0,0
BRDA:21,5,1,0
BRF:10
BRH:4
end_of_record
TN:
SF:/Users/evgeny/Projects/emanageIAM/app/containers/NavigationContainer/sagas.js
FN:13,defaultSaga
FN:14,defaultSaga$
FNF:2
FNH:0
FNDA:0,defaultSaga
FNDA:0,defaultSaga$
DA:0,1
DA:4,1
LF:2
LH:2
BRDA:16,1,0,0
BRDA:16,1,1,0
BRDA:16,1,2,0
BRF:3
BRH:0
end_of_record
TN:
SF:/Users/evgeny/Projects/emanageIAM/app/containers/NavigationContainer/tests/actions.test.js
FN:7,_interopRequireDefault
FN:9,(anonymous_2)
FN:10,(anonymous_3)
FNF:3
FNH:3
FNDA:1,_interopRequireDefault
FNDA:1,(anonymous_2)
FNDA:1,(anonymous_3)
DA:0,1
DA:1,1
DA:3,1
DA:4,1
DA:5,1
LF:5
LH:5
BRDA:7,1,0,0
BRDA:7,1,1,1
BRDA:7,2,0,1
BRDA:7,2,1,1
BRF:4
BRH:4
end_of_record
TN:
SF:/Users/evgeny/Projects/emanageIAM/app/containers/NavigationContainer/tests/index.test.js
FN:7,_interopRequireDefault
FN:12,(anonymous_2)
FN:13,(anonymous_3)
FNF:3
FNH:3
FNDA:1,_interopRequireDefault
FNDA:1,(anonymous_2)
FNDA:1,(anonymous_3)
DA:0,1
DA:3,1
DA:8,1
DA:9,1
LF:4
LH:4
BRDA:7,1,0,0
BRDA:7,1,1,1
BRDA:7,2,0,1
BRDA:7,2,1,1
BRF:4
BRH:4
end_of_record
TN:
SF:/Users/evgeny/Projects/emanageIAM/app/containers/NavigationContainer/tests/reducer.test.js
FN:13,_interopRequireDefault
FN:15,(anonymous_2)
FN:16,(anonymous_3)
FNF:3
FNH:3
FNDA:2,_interopRequireDefault
FNDA:1,(anonymous_2)
FNDA:1,(anonymous_3)
DA:0,2
DA:1,1
DA:2,1
DA:3,1
DA:5,1
DA:6,1
DA:7,1
LF:7
LH:7
BRDA:13,1,0,1
BRDA:13,1,1,1
BRDA:13,2,0,2
BRDA:13,2,1,2
BRF:4
BRH:4
end_of_record
TN:
SF:/Users/evgeny/Projects/emanageIAM/app/containers/NavigationContainer/tests/sagas.test.js
FN:7,_interopRequireDefault
FN:14,(anonymous_2)
FN:15,(anonymous_3)
FNF:3
FNH:3
FNDA:1,_interopRequireDefault
FNDA:1,(anonymous_2)
FNDA:1,(anonymous_3)
DA:0,1
DA:5,1
DA:12,1
DA:13,1
LF:4
LH:4
BRDA:7,1,0,0
BRDA:7,1,1,1
BRDA:7,2,0,1
BRDA:7,2,1,1
BRF:4
BRH:4
end_of_record
TN:
SF:/Users/evgeny/Projects/emanageIAM/app/containers/NavigationContainer/tests/selectors.test.js
FN:7,_interopRequireDefault
FN:11,(anonymous_2)
FN:12,(anonymous_3)
FNF:3
FNH:3
FNDA:1,_interopRequireDefault
FNDA:1,(anonymous_2)
FNDA:1,(anonymous_3)
DA:0,1
DA:3,1
DA:8,1
DA:9,1
LF:4
LH:4
BRDA:7,1,0,0
BRDA:7,1,1,1
BRDA:7,2,0,1
BRDA:7,2,1,1
BRF:4
BRH:4
end_of_record
TN:
SF:/Users/evgeny/Projects/emanageIAM/app/containers/NotFoundPage/index.js
FN:7,(anonymous_1)
FN:7,defineProperties
FN:7,(anonymous_3)
FN:19,_interopRequireDefault
FN:21,_classCallCheck
FN:23,_possibleConstructorReturn
FN:25,_inherits
FN:36,(anonymous_8)
FN:39,NotFound
FN:49,render
FNF:10
FNH:10
FNDA:1,(anonymous_1)
FNDA:1,defineProperties
FNDA:1,(anonymous_3)
FNDA:2,_interopRequireDefault
FNDA:0,_classCallCheck
FNDA:0,_possibleConstructorReturn
FNDA:1,_inherits
FNDA:1,(anonymous_8)
FNDA:0,NotFound
FNDA:0,render
DA:0,2
DA:12,1
DA:13,1
DA:14,1
DA:19,0
LF:5
LH:4
BRDA:7,1,0,1
BRDA:7,1,1,1
BRDA:7,2,0,1
BRDA:7,2,1,0
BRDA:7,3,0,1
BRDA:7,3,1,0
BRDA:7,4,0,0
BRDA:7,4,1,1
BRDA:19,5,0,1
BRDA:19,5,1,1
BRDA:19,6,0,2
BRDA:19,6,1,2
BRDA:21,7,0,0
BRDA:21,7,1,0
BRDA:23,8,0,0
BRDA:23,8,1,0
BRDA:23,9,0,0
BRDA:23,9,1,0
BRDA:23,10,0,0
BRDA:23,10,1,0
BRDA:23,10,2,0
BRDA:25,11,0,0
BRDA:25,11,1,1
BRDA:25,12,0,1
BRDA:25,12,1,0
BRDA:25,13,0,1
BRDA:25,13,1,1
BRDA:25,14,0,1
BRDA:25,14,1,0
BRDA:25,15,0,1
BRDA:25,15,1,0
BRDA:42,16,0,0
BRDA:42,16,1,0
BRF:33
BRH:33
end_of_record
TN:
SF:/Users/evgeny/Projects/emanageIAM/app/containers/NotFoundPage/messages.js
FNF:0
FNH:0
DA:0,1
DA:6,1
LF:2
LH:2
BRF:0
BRH:0
end_of_record
TN:
SF:/Users/evgeny/Projects/emanageIAM/app/containers/UpcomingContainer/index.js
FN:8,(anonymous_1)
FN:8,defineProperties
FN:8,(anonymous_3)
FN:20,_interopRequireDefault
FN:22,_classCallCheck
FN:24,_possibleConstructorReturn
FN:26,_inherits
FN:32,(anonymous_8)
FN:35,UpcomingContainer
FN:46,(anonymous_10)
FN:59,(anonymous_11)
FN:64,componentWillReceiveProps
FN:70,render
FN:78,mapDispatchToProps
FNF:14
FNH:11
FNDA:1,(anonymous_1)
FNDA:1,defineProperties
FNDA:1,(anonymous_3)
FNDA:2,_interopRequireDefault
FNDA:0,_classCallCheck
FNDA:0,_possibleConstructorReturn
FNDA:1,_inherits
FNDA:1,(anonymous_8)
FNDA:0,UpcomingContainer
FNDA:0,(anonymous_10)
FNDA:0,(anonymous_11)
FNDA:0,componentWillReceiveProps
FNDA:0,render
FNDA:0,mapDispatchToProps
DA:0,2
DA:7,1
DA:8,1
DA:9,1
DA:15,0
DA:16,0
DA:17,0
DA:18,0
DA:22,0
DA:23,0
DA:33,0
DA:38,1
DA:39,0
LF:13
LH:5
BRDA:8,1,0,2
BRDA:8,1,1,2
BRDA:8,2,0,2
BRDA:8,2,1,0
BRDA:8,3,0,1
BRDA:8,3,1,0
BRDA:8,4,0,0
BRDA:8,4,1,1
BRDA:20,5,0,1
BRDA:20,5,1,1
BRDA:20,6,0,2
BRDA:20,6,1,2
BRDA:22,7,0,0
BRDA:22,7,1,0
BRDA:24,8,0,0
BRDA:24,8,1,0
BRDA:24,9,0,0
BRDA:24,9,1,0
BRDA:24,10,0,0
BRDA:24,10,1,0
BRDA:24,10,2,0
[...]
FNF:13
FNH:1
FNDA:1,_interopRequireDefault
FNDA:0,fetchDetailsFromServer
FNDA:0,(anonymous_3)
FNDA:0,fetchListFromServer
FNDA:0,(anonymous_5)
FNDA:0,fetchDetails
FNDA:0,fetchDetails$
FNDA:0,fetchList
FNDA:0,fetchList$
FNDA:0,fetchAll
FNDA:0,fetchAll$
FNDA:0,fetchDetailsSaga
FNDA:0,fetchDetailsSaga$
DA:0,1
DA:1,1
DA:2,1
DA:3,1
DA:4,1
DA:5,1
DA:6,1
DA:7,1
DA:8,1
DA:10,1
DA:11,0
DA:13,0
DA:14,0
DA:16,0
DA:18,0
DA:19,0
DA:22,1
DA:23,0
DA:25,0
DA:26,0
DA:28,0
DA:30,0
DA:31,0
DA:34,1
DA:36,0
DA:44,1
DA:46,0
DA:53,1
DA:54,0
DA:63,1
LF:30
LH:15
BRDA:26,1,0,0
BRDA:26,1,1,1
BRDA:26,2,0,1
BRDA:26,2,1,1
BRDA:36,3,0,0
BRDA:36,3,1,0
BRDA:49,4,0,0
BRDA:49,4,1,0
BRDA:63,5,0,0
BRDA:63,5,1,0
BRDA:63,5,2,0
BRDA:63,5,3,0
BRDA:63,5,4,0
BRDA:63,5,5,0
BRDA:63,5,6,0
BRDA:100,6,0,0
BRDA:100,6,1,0
BRDA:100,6,2,0
BRDA:100,6,3,0
BRDA:100,6,4,0
BRDA:100,6,5,0
BRDA:131,7,0,0
BRDA:131,7,1,0
BRDA:131,7,2,0
BRDA:131,7,3,0
BRDA:131,7,4,0
BRDA:131,7,5,0
BRDA:135,8,0,0
BRDA:135,8,1,0
BRDA:135,9,0,0
BRDA:135,9,1,0
BRDA:166,10,0,0
BRDA:166,10,1,0
BRDA:166,10,2,0
BRF:34
BRH:4
end_of_record
TN:
SF:/Users/evgeny/Projects/emanageIAM/app/containers/Users/UserDetailsContainer/sagas/index.js
FN:27,_interopRequireDefault
FNF:1
FNH:1
FNDA:5,_interopRequireDefault
DA:0,5
DA:1,1
DA:2,1
DA:3,1
DA:4,1
DA:5,1
LF:6
LH:6
BRDA:27,1,0,5
BRDA:27,1,1,0
BRDA:27,2,0,5
BRDA:27,2,1,5
BRF:4
BRH:4
end_of_record
TN:
SF:/Users/evgeny/Projects/emanageIAM/app/containers/Users/UserDetailsContainer/sagas/uploadPictureSaga.js
FN:22,_interopRequireDefault
FN:27,uploadPictureToServer
FN:34,(anonymous_3)
FN:39,uploadPicture
FN:41,uploadPicture$
FN:106,uploadPictureSaga
FN:107,uploadPictureSaga$
FNF:7
FNH:1
FNDA:1,_interopRequireDefault
FNDA:0,uploadPictureToServer
FNDA:0,(anonymous_3)
FNDA:0,uploadPicture
FNDA:0,uploadPicture$
FNDA:0,uploadPictureSaga
FNDA:0,uploadPictureSaga$
DA:0,1
DA:1,1
DA:2,1
DA:3,1
DA:4,1
DA:5,1
DA:6,1
DA:8,1
DA:9,0
DA:16,0
DA:19,1
DA:20,0
DA:22,0
DA:23,0
DA:25,0
DA:37,0
DA:40,0
DA:43,0
DA:47,0
DA:51,1
LF:20
LH:10
BRDA:22,1,0,0
BRDA:22,1,1,1
BRDA:22,2,0,1
BRDA:22,2,1,1
BRDA:43,3,0,0
BRDA:43,3,1,0
BRDA:43,3,2,0
BRDA:43,3,3,0
BRDA:43,3,4,0
BRDA:43,3,5,0
BRDA:43,3,6,0
BRDA:43,3,7,0
BRDA:43,3,8,0
BRDA:43,3,9,0
BRDA:65,4,0,0
BRDA:65,4,1,0
BRDA:65,5,0,0
BRDA:65,5,1,0
BRDA:109,6,0,0
BRDA:109,6,1,0
BRDA:109,6,2,0
BRF:21
BRH:4
end_of_record
TN:
SF:/Users/evgeny/Projects/emanageIAM/app/containers/Users/UserDetailsContainer/sagas/saveDetailsSaga.js
FN:24,_interopRequireDefault
FN:29,saveDetailsToServer
FN:39,(anonymous_3)
FN:44,saveDetails
FN:46,saveDetails$
FN:116,saveDetailsSaga
FN:117,saveDetailsSaga$
FNF:7
FNH:1
FNDA:1,_interopRequireDefault
FNDA:0,saveDetailsToServer
FNDA:0,(anonymous_3)
FNDA:0,saveDetails
FNDA:0,saveDetails$
FNDA:0,saveDetailsSaga
FNDA:0,saveDetailsSaga$
DA:0,1
DA:1,1
DA:2,1
DA:3,1
DA:4,1
DA:5,1
DA:6,1
DA:7,1
DA:9,1
DA:10,0
DA:11,0
DA:13,0
DA:20,0
DA:23,1
DA:24,0
DA:25,0
DA:28,0
DA:29,0
DA:30,0
DA:34,0
DA:39,0
DA:42,0
DA:43,0
DA:48,0
DA:52,1
LF:25
LH:11
BRDA:24,1,0,0
BRDA:24,1,1,1
BRDA:24,2,0,1
BRDA:24,2,1,1
BRDA:30,3,0,0
BRDA:30,3,1,0
BRDA:31,4,0,0
BRDA:31,4,1,0
BRDA:48,5,0,0
BRDA:48,5,1,0
BRDA:48,5,2,0
BRDA:48,5,3,0
BRDA:48,5,4,0
BRDA:48,5,5,0
BRDA:48,5,6,0
BRDA:48,5,7,0
BRDA:48,5,8,0
BRDA:48,5,9,0
BRDA:48,5,10,0
BRDA:48,5,11,0
BRDA:54,6,0,0
BRDA:54,6,1,0
BRDA:66,7,0,0
BRDA:66,7,1,0
BRDA:66,8,0,0
BRDA:66,8,1,0
BRDA:92,9,0,0
BRDA:92,9,1,0
BRDA:119,10,0,0
BRDA:119,10,1,0
BRDA:119,10,2,0
BRF:31
BRH:4
end_of_record
TN:
SF:/Users/evgeny/Projects/emanageIAM/app/containers/Users/UserDetailsContainer/tests/actions.test.js
FN:11,_interopRequireDefault
FN:13,(anonymous_2)
FN:14,(anonymous_3)
FN:15,(anonymous_4)
FNF:4
FNH:4
FNDA:1,_interopRequireDefault
FNDA:1,(anonymous_2)
FNDA:1,(anonymous_3)
FNDA:1,(anonymous_4)
DA:0,1
DA:1,1
DA:2,1
DA:5,1
DA:9,1
DA:10,1
DA:11,1
DA:12,1
DA:15,1
LF:9
LH:9
BRDA:11,1,0,0
BRDA:11,1,1,1
BRDA:11,2,0,1
BRDA:11,2,1,1
BRF:4
BRH:4
end_of_record
TN:
SF:/Users/evgeny/Projects/emanageIAM/app/containers/Users/UserDetailsContainer/tests/index.test.js
FN:7,_interopRequireDefault
FN:12,(anonymous_2)
FN:13,(anonymous_3)
FNF:3
FNH:3
FNDA:1,_interopRequireDefault
FNDA:1,(anonymous_2)
FNDA:1,(anonymous_3)
DA:0,1
DA:3,1
DA:8,1
DA:9,1
LF:4
LH:4
BRDA:7,1,0,0
BRDA:7,1,1,1
BRDA:7,2,0,1
BRDA:7,2,1,1
BRF:4
BRH:4
end_of_record
TN:
SF:/Users/evgeny/Projects/emanageIAM/app/containers/Users/UserDetailsContainer/tests/reducer.test.js
FN:13,_interopRequireDefault
FN:15,(anonymous_2)
FN:16,(anonymous_3)
FNF:3
FNH:3
FNDA:2,_interopRequireDefault
FNDA:1,(anonymous_2)
FNDA:1,(anonymous_3)
DA:0,2
DA:1,1
DA:2,1
DA:3,1
DA:5,1
DA:6,1
DA:7,1
LF:7
LH:7
BRDA:13,1,0,1
BRDA:13,1,1,1
BRDA:13,2,0,2
BRDA:13,2,1,2
BRF:4
BRH:4
end_of_record
TN:
SF:/Users/evgeny/Projects/emanageIAM/app/containers/Users/UserDetailsContainer/tests/sagas.test.js
FN:7,_interopRequireDefault
FN:14,(anonymous_2)
FN:15,(anonymous_3)
FNF:3
FNH:3
FNDA:1,_interopRequireDefault
FNDA:1,(anonymous_2)
FNDA:1,(anonymous_3)
DA:0,1
DA:5,1
DA:12,1
DA:13,1
LF:4
LH:4
BRDA:7,1,0,0
BRDA:7,1,1,1
BRDA:7,2,0,1
BRDA:7,2,1,1
BRF:4
BRH:4
end_of_record
TN:
SF:/Users/evgeny/Projects/emanageIAM/app/containers/Users/UserDetailsContainer/tests/selectors.test.js
FN:7,_interopRequireDefault
FN:11,(anonymous_2)
FN:12,(anonymous_3)
FNF:3
FNH:3
FNDA:1,_interopRequireDefault
FNDA:1,(anonymous_2)
FNDA:1,(anonymous_3)
DA:0,1
DA:3,1
DA:8,1
DA:9,1
LF:4
LH:4
BRDA:7,1,0,0
BRDA:7,1,1,1
BRDA:7,2,0,1
BRDA:7,2,1,1
BRF:4
BRH:4
end_of_record
TN:
SF:/Users/evgeny/Projects/emanageIAM/app/containers/Users/UsersListContainer/actions.js
FN:16,requestUsers
FN:27,fetchUsers
FN:34,requestUsersSucceeded
FN:42,requestUsersFailed
FN:49,deleteUser
FN:56,deleteUserSucceeded
FN:63,deleteUserFailed
FNF:7
FNH:0
FNDA:0,requestUsers
FNDA:0,fetchUsers
FNDA:0,requestUsersSucceeded
FNDA:0,requestUsersFailed
FNDA:0,deleteUser
FNDA:0,deleteUserSucceeded
FNDA:0,deleteUserFailed
DA:0,1
DA:7,1
DA:19,0
DA:25,1
DA:26,0
DA:32,1
DA:33,0
DA:40,1
DA:41,0
DA:47,1
DA:48,0
DA:54,1
DA:55,0
DA:61,1
DA:62,0
LF:15
LH:8
BRF:0
BRH:0
end_of_record
TN:
SF:/Users/evgeny/Projects/emanageIAM/app/containers/Users/UsersListContainer/constants.js
FNF:0
FNH:0
DA:0,1
DA:7,1
DA:8,1
DA:9,1
DA:10,1
DA:13,1
DA:14,1
DA:15,1
LF:8
LH:8
BRF:0
BRH:0
end_of_record
TN:
SF:/Users/evgeny/Projects/emanageIAM/app/containers/Users/UsersListContainer/index.js
FN:8,(anonymous_1)
FN:10,(anonymous_2)
FN:10,defineProperties
FN:10,(anonymous_4)
FN:46,_interopRequireWildcard
FN:48,_interopRequireDefault
FN:50,_classCallCheck
FN:52,_possibleConstructorReturn
FN:54,_inherits
FN:60,(anonymous_10)
FN:63,UsersListContainer
FN:70,(anonymous_12)
FN:73,(anonymous_13)
FN:78,(anonymous_14)
FN:116,componentWillMount
FN:121,componentWillReceiveProps
FN:130,onPageChange
FN:133,(anonymous_18)
FN:139,onPageSizeChange
FN:142,(anonymous_20)
FN:148,onRefresh
FN:153,(anonymous_22)
FN:160,deleteUser
FN:165,deleteConfirm
FN:170,deleteCancel
FN:175,navigateTo
FN:183,mapDataUsers
FN:186,(anonymous_28)
FN:209,render
FN:243,mapDispatchToProps
FNF:30
FNH:21
FNDA:0,(anonymous_1)
FNDA:1,(anonymous_2)
FNDA:1,defineProperties
FNDA:1,(anonymous_4)
FNDA:1,_interopRequireWildcard
FNDA:5,_interopRequireDefault
FNDA:0,_classCallCheck
FNDA:0,_possibleConstructorReturn
FNDA:1,_inherits
FNDA:1,(anonymous_10)
FNDA:0,UsersListContainer
FNDA:0,(anonymous_12)
FNDA:0,(anonymous_13)
FNDA:0,(anonymous_14)
FNDA:0,componentWillMount
FNDA:0,componentWillReceiveProps
FNDA:0,onPageChange
FNDA:0,(anonymous_18)
FNDA:0,onPageSizeChange
FNDA:0,(anonymous_20)
FNDA:0,onRefresh
FNDA:0,(anonymous_22)
FNDA:0,deleteUser
FNDA:0,deleteConfirm
FNDA:0,deleteCancel
FNDA:0,navigateTo
FNDA:0,mapDataUsers
FNDA:0,(anonymous_28)
FNDA:0,render
FNDA:0,mapDispatchToProps
DA:0,11
DA:7,1
DA:8,1
DA:9,1
DA:10,1
DA:11,1
DA:12,1
DA:13,1
DA:14,1
DA:15,1
DA:16,1
DA:18,1
DA:25,1
DA:28,0
DA:29,0
DA:30,0
DA:31,0
DA:33,0
DA:34,0
DA:35,0
DA:36,0
DA:37,0
DA:38,0
DA:40,0
DA:53,0
DA:57,0
DA:58,0
DA:59,0
DA:60,0
DA:64,0
DA:65,0
DA:69,0
DA:71,0
DA:75,0
DA:76,0
DA:78,0
DA:79,0
DA:80,0
DA:93,0
DA:97,0
DA:101,0
DA:106,0
DA:110,0
DA:112,0
DA:113,0
DA:119,0
DA:121,0
DA:122,0
DA:128,0
DA:129,0
DA:130,0
DA:158,0
DA:183,1
DA:185,1
DA:186,0
LF:55
LH:15
BRDA:8,1,0,1
BRDA:8,1,1,0
BRDA:8,2,0,0
BRDA:8,2,1,0
BRDA:10,3,0,11
BRDA:10,3,1,11
BRDA:10,4,0,11
BRDA:10,4,1,0
BRDA:10,5,0,1
BRDA:10,5,1,0
BRDA:10,6,0,0
BRDA:10,6,1,1
BRDA:46,7,0,1
BRDA:46,7,1,0
BRDA:46,8,0,1
BRDA:46,8,1,1
BRDA:46,9,0,0
BRDA:46,9,1,0
BRDA:46,10,0,0
BRDA:46,10,1,0
BRDA:48,11,0,3
BRDA:48,11,1,2
BRDA:48,12,0,5
BRDA:48,12,1,5
BRDA:50,13,0,0
BRDA:50,13,1,0
BRDA:52,14,0,0
BRDA:52,14,1,0
BRDA:52,15,0,0
BRDA:52,15,1,0
BRDA:52,16,0,0
BRDA:52,16,1,0
BRDA:52,16,2,0
BRDA:54,17,0,0
BRDA:54,17,1,1
BRDA:54,18,0,1
BRDA:54,18,1,0
BRDA:54,19,0,1
BRDA:54,19,1,1
BRDA:54,20,0,1
BRDA:54,20,1,0
BRDA:54,21,0,1
BRDA:54,21,1,0
BRDA:66,22,0,0
BRDA:66,22,1,0
BRDA:71,23,0,0
BRDA:71,23,1,0
BRDA:71,24,0,0
BRDA:71,24,1,0
BRDA:71,24,2,0
BRDA:80,25,0,0
BRDA:80,25,1,0
BRDA:122,26,0,0
BRDA:122,26,1,0
BRDA:122,27,0,0
BRDA:122,27,1,0
BRDA:125,28,0,0
BRDA:125,28,1,0
BRDA:190,29,0,0
BRDA:190,29,1,0
BRDA:213,30,0,0
BRDA:213,30,1,0
BRF:62
BRH:43
end_of_record
TN:
SF:/Users/evgeny/Projects/emanageIAM/app/containers/Users/UsersListContainer/selectors.js
FN:13,selectUsersListContainerDomain
FN:14,(anonymous_2)
FN:22,selectRequestsDomain
FN:23,(anonymous_4)
FN:27,userPrefrences
FN:28,(anonymous_6)
FN:37,selectUsersListContainer
FN:38,(anonymous_8)
FNF:8
FNH:3
FNDA:1,selectUsersListContainerDomain
FNDA:0,(anonymous_2)
FNDA:1,selectRequestsDomain
FNDA:0,(anonymous_4)
FNDA:0,userPrefrences
FNDA:0,(anonymous_6)
FNDA:1,selectUsersListContainer
FNDA:0,(anonymous_8)
DA:0,1
DA:1,1
DA:6,1
DA:11,1
DA:12,1
DA:18,1
DA:21,0
LF:7
LH:6
BRF:0
BRH:0
end_of_record
TN:
SF:/Users/evgeny/Projects/emanageIAM/app/containers/Users/UsersListContainer/reducer.js
FN:15,_interopRequireDefault
FN:25,usersListContainerReducer
FN:31,(anonymous_3)
FN:35,(anonymous_4)
FN:38,(anonymous_5)
FNF:5
FNH:1
FNDA:1,_interopRequireDefault
FNDA:0,usersListContainerReducer
FNDA:0,(anonymous_3)
FNDA:0,(anonymous_4)
FNDA:0,(anonymous_5)
DA:0,1
DA:7,1
DA:8,1
DA:9,1
DA:11,1
DA:16,1
DA:17,0
DA:19,0
DA:21,0
DA:23,0
DA:24,0
DA:26,0
LF:12
LH:6
BRDA:15,1,0,1
BRDA:15,1,1,0
BRDA:15,2,0,1
BRDA:15,2,1,1
BRDA:26,3,0,0
BRDA:26,3,1,0
BRDA:26,4,0,0
BRDA:26,4,1,0
BRDA:29,5,0,0
BRDA:29,5,1,0
BRDA:29,5,2,0
BRF:11
BRH:4
end_of_record
TN:
SF:/Users/evgeny/Projects/emanageIAM/app/containers/Users/UsersListContainer/sagas/deleteUserSaga.js
FN:22,_interopRequireDefault
FN:29,deleteUserFromServer
FN:35,deleteUser
FN:36,deleteUser$
FN:70,deleteUserSaga
FN:71,deleteUserSaga$
FNF:6
FNH:1
FNDA:1,_interopRequireDefault
FNDA:0,deleteUserFromServer
FNDA:0,deleteUser
FNDA:0,deleteUser$
FNDA:0,deleteUserSaga
FNDA:0,deleteUserSaga$
DA:0,1
DA:2,1
DA:3,1
DA:4,1
DA:5,1
DA:6,1
DA:7,1
DA:10,1
DA:11,0
DA:16,1
DA:20,0
DA:23,0
DA:27,1
LF:13
LH:10
BRDA:22,1,0,0
BRDA:22,1,1,1
BRDA:22,2,0,1
BRDA:22,2,1,1
BRDA:38,3,0,0
BRDA:38,3,1,0
BRDA:38,3,2,0
BRDA:38,3,3,0
BRDA:38,3,4,0
BRDA:38,3,5,0
BRDA:38,3,6,0
BRDA:73,4,0,0
BRDA:73,4,1,0
BRDA:73,4,2,0
BRF:14
BRH:4
end_of_record
TN:
SF:/Users/evgeny/Projects/emanageIAM/app/containers/Users/UsersListContainer/sagas/fetchUsersSaga.js
FN:23,fetchUsersFromServer
FN:36,(anonymous_2)
FN:41,fetchUsers
FN:43,fetchUsers$
FN:74,fetchUsersSaga
FN:75,fetchUsersSaga$
FNF:6
FNH:0
FNDA:0,fetchUsersFromServer
FNDA:0,(anonymous_2)
FNDA:0,fetchUsers
FNDA:0,fetchUsers$
FNDA:0,fetchUsersSaga
FNDA:0,fetchUsersSaga$
DA:0,1
DA:2,1
DA:3,1
DA:4,1
DA:5,1
DA:6,1
DA:9,1
DA:10,0
DA:12,0
DA:13,0
DA:14,0
DA:16,0
DA:19,0
DA:20,0
DA:23,1
DA:25,0
DA:32,1
LF:17
LH:9
BRDA:26,1,0,0
BRDA:26,1,1,0
BRDA:45,2,0,0
BRDA:45,2,1,0
BRDA:45,2,2,0
BRDA:45,2,3,0
BRDA:45,2,4,0
BRDA:45,2,5,0
BRDA:77,3,0,0
BRDA:77,3,1,0
BRDA:77,3,2,0
BRF:11
BRH:0
end_of_record
TN:
SF:/Users/evgeny/Projects/emanageIAM/app/containers/Users/UsersListContainer/sagas/sagas.js
FN:15,_interopRequireDefault
FNF:1
FNH:1
FNDA:2,_interopRequireDefault
DA:0,2
DA:1,1
DA:2,1
LF:3
LH:3
BRDA:15,1,0,2
BRDA:15,1,1,0
BRDA:15,2,0,2
BRDA:15,2,1,2
BRF:4
BRH:4
end_of_record
TN:
SF:/Users/evgeny/Projects/emanageIAM/app/containers/Users/UsersListContainer/tests/actions.test.js
FN:7,_interopRequireDefault
FN:9,(anonymous_2)
FN:10,(anonymous_3)
FNF:3
FNH:3
FNDA:1,_interopRequireDefault
FNDA:1,(anonymous_2)
FNDA:1,(anonymous_3)
DA:0,1
DA:1,1
DA:3,1
DA:4,1
DA:5,1
LF:5
LH:5
BRDA:7,1,0,0
BRDA:7,1,1,1
BRDA:7,2,0,1
BRDA:7,2,1,1
BRF:4
BRH:4
end_of_record
TN:
SF:/Users/evgeny/Projects/emanageIAM/app/containers/Users/UsersListContainer/tests/index.test.js
FN:7,_interopRequireDefault
FN:12,(anonymous_2)
FN:13,(anonymous_3)
FNF:3
FNH:3
FNDA:1,_interopRequireDefault
FNDA:1,(anonymous_2)
FNDA:1,(anonymous_3)
DA:0,1
DA:3,1
DA:8,1
DA:9,1
LF:4
LH:4
BRDA:7,1,0,0
BRDA:7,1,1,1
BRDA:7,2,0,1
BRDA:7,2,1,1
BRF:4
BRH:4
end_of_record
TN:
SF:/Users/evgeny/Projects/emanageIAM/app/containers/Users/UsersListContainer/tests/reducer.test.js
FN:13,_interopRequireDefault
FN:15,(anonymous_2)
FN:16,(anonymous_3)
FNF:3
FNH:3
FNDA:2,_interopRequireDefault
FNDA:1,(anonymous_2)
FNDA:1,(anonymous_3)
DA:0,2
DA:1,1
DA:2,1
DA:3,1
DA:5,1
DA:6,1
DA:7,1
LF:7
LH:7
BRDA:13,1,0,1
BRDA:13,1,1,1
BRDA:13,2,0,2
BRDA:13,2,1,2
BRF:4
BRH:4
end_of_record
TN:
SF:/Users/evgeny/Projects/emanageIAM/app/containers/Users/UsersListContainer/tests/sagas.test.js
FN:7,_interopRequireDefault
FN:14,(anonymous_2)
FN:15,(anonymous_3)
FNF:3
FNH:3
FNDA:1,_interopRequireDefault
FNDA:1,(anonymous_2)
FNDA:1,(anonymous_3)
DA:0,1
DA:5,1
DA:12,1
DA:13,1
LF:4
LH:4
BRDA:7,1,0,0
BRDA:7,1,1,1
BRDA:7,2,0,1
BRDA:7,2,1,1
BRF:4
BRH:4
end_of_record
TN:
SF:/Users/evgeny/Projects/emanageIAM/app/containers/Users/UsersListContainer/tests/selectors.test.js
FN:7,_interopRequireDefault
FN:11,(anonymous_2)
FN:12,(anonymous_3)
FNF:3
FNH:3
FNDA:1,_interopRequireDefault
FNDA:1,(anonymous_2)
FNDA:1,(anonymous_3)
DA:0,1
DA:3,1
DA:8,1
DA:9,1
LF:4
LH:4
BRDA:7,1,0,0
BRDA:7,1,1,1
BRDA:7,2,0,1
BRDA:7,2,1,1
BRF:4
BRH:4
end_of_record
TN:
SF:/Users/evgeny/Projects/emanageIAM/app/i18n.js
FN:18,_interopRequireDefault
FN:30,formatTranslationMessages
FNF:2
FNH:2
FNDA:2,_interopRequireDefault
FNDA:1,formatTranslationMessages
DA:0,2
DA:7,1
DA:9,1
DA:11,1
DA:15,1
DA:17,1
DA:19,1
DA:20,1
DA:21,1
DA:22,0
DA:25,1
DA:28,1
LF:12
LH:11
BRDA:18,1,0,0
BRDA:18,1,1,2
BRDA:18,2,0,2
BRDA:18,2,1,2
BRDA:40,3,0,0
BRDA:40,3,1,0
BRDA:47,4,0,0
BRDA:47,4,1,1
BRDA:47,5,0,1
BRDA:47,5,1,0
BRDA:51,6,0,0
BRDA:51,6,1,1
BRF:12
BRH:7
end_of_record
TN:
SF:/Users/evgeny/Projects/emanageIAM/app/store.js
FN:22,_interopRequireDefault
FN:28,(anonymous_2)
FN:29,(anonymous_3)
FN:34,configureStore
FN:54,(anonymous_5)
FNF:5
FNH:5
FNDA:2,_interopRequireDefault
FNDA:3,(anonymous_2)
FNDA:3,(anonymous_3)
FNDA:3,configureStore
FNDA:0,(anonymous_5)
DA:0,2
DA:5,1
DA:6,1
DA:7,1
DA:8,1
DA:9,1
DA:12,3
DA:14,3
DA:18,3
DA:23,3
DA:28,3
DA:35,3
DA:36,3
DA:40,3
DA:41,1
DA:42,1
DA:43,1
DA:45,1
DA:50,3
DA:51,3
LF:20
LH:20
BRDA:22,1,0,2
BRDA:22,1,1,0
BRDA:22,2,0,2
BRDA:22,2,1,2
BRDA:28,3,0,1
BRDA:28,3,1,1
BRDA:35,4,0,3
BRDA:35,4,1,0
BRDA:35,5,0,3
BRDA:35,5,1,3
BRDA:53,6,0,0
BRDA:53,6,1,3
BRF:12
BRH:11
end_of_record
TN:
SF:/Users/evgeny/Projects/emanageIAM/app/reducers.js
FN:7,(anonymous_1)
FN:32,_interopRequireDefault
FN:50,routeReducer
FN:68,createReducer
FNF:4
FNH:4
FNDA:0,(anonymous_1)
FNDA:3,_interopRequireDefault
FNDA:4,routeReducer
FNDA:4,createReducer
DA:0,3
DA:6,1
DA:7,1
DA:8,1
DA:9,1
DA:10,1
DA:11,1
DA:23,1
DA:30,4
DA:31,4
DA:34,1
DA:38,4
DA:45,1
DA:46,4
LF:14
LH:14
BRDA:7,1,0,1
BRDA:7,1,1,0
BRDA:7,2,0,0
BRDA:7,2,1,0
BRDA:32,3,0,3
BRDA:32,3,1,0
BRDA:32,4,0,3
BRDA:32,4,1,3
BRDA:51,5,0,1
BRDA:51,5,1,3
BRDA:51,6,0,4
BRDA:51,6,1,4
BRDA:54,7,0,0
BRDA:54,7,1,4
BRF:14
BRH:14
end_of_record
TN:
SF:/Users/evgeny/Projects/emanageIAM/app/_shared/reducers/loadingReducer.js
FN:15,_interopRequireDefault
FN:17,loadingReducer
FNF:2
FNH:2
FNDA:1,_interopRequireDefault
FNDA:4,loadingReducer
DA:0,1
DA:1,1
DA:2,1
DA:3,1
DA:6,4
DA:7,4
DA:8,4
DA:9,4
DA:10,4
DA:11,4
DA:13,4
DA:14,0
DA:17,4
DA:18,0
DA:19,4
DA:20,0
DA:21,0
DA:23,0
DA:26,4
DA:27,0
DA:30,4
LF:21
LH:15
BRDA:15,1,0,1
BRDA:15,1,1,0
BRDA:15,2,0,1
BRDA:15,2,1,1
BRDA:18,3,0,1
BRDA:18,3,1,3
BRDA:18,4,0,4
BRDA:18,4,1,4
BRDA:22,5,0,4
BRDA:22,5,1,0
BRDA:23,6,0,4
BRDA:23,6,1,0
BRDA:27,7,0,0
BRDA:27,7,1,4
BRDA:31,8,0,0
BRDA:31,8,1,4
BRDA:31,9,0,4
BRDA:31,9,1,0
BRDA:31,9,2,0
BRDA:33,10,0,0
BRDA:33,10,1,4
BRDA:33,11,0,4
BRDA:33,11,1,4
BRDA:34,12,0,0
BRDA:34,12,1,0
BRDA:34,13,0,0
BRDA:34,13,1,0
BRDA:41,14,0,0
BRDA:41,14,1,4
BRF:29
BRH:17
end_of_record
TN:
SF:/Users/evgeny/Projects/emanageIAM/app/_shared/reducers/listsReducer.js
FN:15,_interopRequireDefault
FN:17,listsReducer
FNF:2
FNH:2
FNDA:1,_interopRequireDefault
FNDA:4,listsReducer
DA:0,1
DA:1,1
DA:2,1
DA:4,1
DA:8,4
DA:9,4
DA:11,0
DA:13,4
LF:8
LH:7
BRDA:15,1,0,1
BRDA:15,1,1,0
BRDA:15,2,0,1
BRDA:15,2,1,1
BRDA:18,3,0,1
BRDA:18,3,1,3
BRDA:18,4,0,4
BRDA:18,4,1,4
BRDA:21,5,0,0
BRDA:21,5,1,4
BRF:10
BRH:9
end_of_record
TN:
SF:/Users/evgeny/Projects/emanageIAM/app/tests/store.test.js
FN:3,(anonymous_1)
FN:3,(anonymous_2)
FN:20,_interopRequireDefault
FN:22,(anonymous_4)
FN:25,(anonymous_5)
FN:29,(anonymous_6)
FN:30,(anonymous_7)
FN:35,(anonymous_8)
FN:36,(anonymous_9)
FNF:9
FNH:9
FNDA:2,(anonymous_1)
FNDA:0,(anonymous_2)
FNDA:2,_interopRequireDefault
FNDA:1,(anonymous_4)
FNDA:1,(anonymous_5)
FNDA:1,(anonymous_6)
FNDA:1,(anonymous_7)
FNDA:1,(anonymous_8)
FNDA:1,(anonymous_9)
DA:0,2
DA:5,1
DA:6,1
DA:7,1
DA:9,1
DA:10,1
DA:12,1
DA:13,1
DA:16,1
DA:17,1
DA:18,1
DA:22,1
DA:23,1
DA:24,1
LF:14
LH:14
BRDA:3,1,0,1
BRDA:3,1,1,0
BRDA:3,2,0,1
BRDA:3,2,1,1
BRDA:3,3,0,0
BRDA:3,3,1,0
BRDA:3,4,0,0
BRDA:3,4,1,0
BRDA:3,4,2,0
BRDA:3,4,3,0
BRDA:20,5,0,1
BRDA:20,5,1,1
BRDA:20,6,0,2
BRDA:20,6,1,2
BRF:14
BRH:14
end_of_record
TN:
SF:/Users/evgeny/Projects/emanageIAM/app/utils/asyncInjectors.js
FN:25,_interopRequireDefault
FN:30,checkStore
FN:45,injectAsyncReducer
FN:46,injectReducer
FN:59,injectAsyncSagas
FN:60,injectSagas
FN:79,getAsyncInjectors
FNF:7
FNH:7
FNDA:3,_interopRequireDefault
FNDA:8,checkStore
FNDA:3,injectAsyncReducer
FNDA:5,injectReducer
FNDA:1,injectAsyncSagas
FNDA:2,injectSagas
FNDA:1,getAsyncInjectors
DA:0,3
DA:1,1
DA:2,1
DA:3,1
DA:4,1
DA:9,1
DA:10,8
DA:18,8
DA:27,1
DA:28,3
DA:29,5
DA:31,5
DA:36,1
DA:37,1
DA:44,1
DA:45,1
DA:46,2
DA:48,2
DA:49,0
DA:52,2
DA:57,0
DA:62,0
DA:63,0
DA:70,1
DA:71,1
DA:73,0
LF:26
LH:21
BRDA:25,1,0,1
BRDA:25,1,1,2
BRDA:25,2,0,3
BRDA:25,2,1,3
BRDA:47,3,0,5
BRDA:47,3,1,0
BRDA:49,4,0,5
BRDA:49,4,1,4
BRDA:49,4,2,3
BRDA:61,5,0,2
BRDA:61,5,1,0
BRDA:63,6,0,0
BRDA:63,6,1,2
BRF:13
BRH:10
end_of_record
TN:
SF:/Users/evgeny/Projects/emanageIAM/app/utils/tests/asyncInjectors.test.js
FN:19,_interopRequireDefault
FN:29,reducer
FN:41,testSaga
FN:42,testSaga$
FN:61,(anonymous_5)
FN:64,(anonymous_6)
FN:65,(anonymous_7)
FN:81,(anonymous_8)
FN:96,(anonymous_9)
FN:97,(anonymous_10)
FN:101,(anonymous_11)
FN:102,(anonymous_12)
FN:113,(anonymous_13)
FN:133,(anonymous_14)
FN:154,(anonymous_15)
FN:166,(anonymous_16)
FNF:16
FNH:14
FNDA:2,_interopRequireDefault
FNDA:1,reducer
FNDA:0,testSaga
FNDA:0,testSaga$
FNDA:1,(anonymous_5)
FNDA:1,(anonymous_6)
FNDA:1,(anonymous_7)
FNDA:1,(anonymous_8)
FNDA:1,(anonymous_9)
FNDA:1,(anonymous_10)
FNDA:1,(anonymous_11)
FNDA:1,(anonymous_12)
FNDA:1,(anonymous_13)
FNDA:1,(anonymous_14)
FNDA:1,(anonymous_15)
FNDA:1,(anonymous_16)
DA:0,2
DA:5,1
DA:6,1
DA:7,1
DA:8,1
DA:9,1
DA:11,1
DA:19,1
DA:21,1
DA:22,1
DA:24,0
DA:26,1
DA:30,1
DA:38,1
DA:39,1
DA:41,1
DA:42,1
DA:43,1
DA:58,1
DA:59,1
DA:61,1
DA:63,1
DA:64,1
DA:66,1
DA:69,1
DA:73,1
DA:74,1
DA:75,1
DA:78,1
DA:79,1
DA:80,1
DA:82,1
DA:84,1
DA:85,1
DA:87,1
DA:90,1
DA:91,1
DA:93,1
DA:95,1
DA:96,1
DA:98,1
DA:101,1
DA:102,1
DA:104,1
DA:107,1
DA:110,1
DA:111,1
DA:113,1
DA:115,1
DA:116,1
DA:118,1
DA:121,1
DA:122,1
DA:124,1
DA:127,1
DA:131,1
DA:143,1
DA:144,1
DA:146,1
DA:148,1
DA:149,1
DA:151,1
DA:154,1
DA:155,1
DA:157,1
DA:160,1
LF:66
LH:65
BRDA:19,1,0,1
BRDA:19,1,1,1
BRDA:19,2,0,2
BRDA:19,2,1,2
BRDA:30,3,0,0
BRDA:30,3,1,1
BRDA:30,4,0,1
BRDA:30,4,1,1
BRDA:33,5,0,0
BRDA:33,5,1,1
BRDA:44,6,0,0
BRDA:44,6,1,0
BRDA:44,6,2,0
BRF:13
BRH:8
end_of_record
